#
# There is insufficient memory for the Java Runtime Environment to continue.
# Native memory allocation (malloc) failed to allocate 136336 bytes for Chunk::new
# Possible reasons:
#   The system is out of physical RAM or swap space
#   The process is running with CompressedOops enabled, and the Java Heap may be blocking the growth of the native heap
# Possible solutions:
#   Reduce memory load on the system
#   Increase physical memory or swap space
#   Check if swap backing store is full
#   Decrease Java heap size (-Xmx/-Xms)
#   Decrease number of Java threads
#   Decrease Java thread stack sizes (-Xss)
#   Set larger code cache with -XX:ReservedCodeCacheSize=
#   JVM is running with Unscaled Compressed Oops mode in which the Java heap is
#     placed in the first 4GB address space. The Java Heap base address is the
#     maximum limit for the native heap growth. Please use -XX:HeapBaseMinAddress
#     to set the Java Heap base and to place the Java Heap above 4GB virtual address.
# This output file may be truncated or incomplete.
#
#  Out of Memory Error (./src/hotspot/share/memory/arena.cpp:197), pid=17368, tid=2244
#
# JRE version: OpenJDK Runtime Environment JBR-11.0.8.10-944.34-jcef (11.0.8+10) (build 11.0.8+10-b944.34)
# Java VM: OpenJDK 64-Bit Server VM JBR-11.0.8.10-944.34-jcef (11.0.8+10-b944.34, mixed mode, tiered, compressed oops, g1 gc, windows-amd64)
# No core dump will be written. Minidumps are not enabled by default on client versions of Windows
#

---------------  S U M M A R Y ------------

Command Line: C:\Users\lkjos\AppData\Roaming\JetBrains\IdeaIC2020.2\plugins\idea-spring-tools\lib\server\language-server.jar

Host: Intel(R) Core(TM) i7-7700HQ CPU @ 2.80GHz, 8 cores, 7G,  Windows 10 , 64 bit Build 19041 (10.0.19041.1348)
Time: Sun Dec 26 10:29:26 2021 GMT Standard Time elapsed time: 402 seconds (0d 0h 6m 42s)

---------------  T H R E A D  ---------------

Current thread (0x00000146abfbb000):  JavaThread "C2 CompilerThread0" daemon [_thread_in_native, id=2244, stack(0x0000002b98b00000,0x0000002b98c00000)]


Current CompileTask:
C2: 402890 4579       4       jdk.internal.jimage.BasicImageReader::getString (48 bytes)

Stack: [0x0000002b98b00000,0x0000002b98c00000]
Native frames: (J=compiled Java code, j=interpreted, Vv=VM code, C=native code)
V  [jvm.dll+0x5de35a]
V  [jvm.dll+0x712355]
V  [jvm.dll+0x7138ad]
V  [jvm.dll+0x713f63]
V  [jvm.dll+0x23e628]
V  [jvm.dll+0xb8bcc]
V  [jvm.dll+0xb90cc]
V  [jvm.dll+0x34fe8d]
V  [jvm.dll+0x193d6c]
V  [jvm.dll+0x1f76ee]
V  [jvm.dll+0x1f67b4]
V  [jvm.dll+0x17f40c]
V  [jvm.dll+0x204ee7]
V  [jvm.dll+0x203731]
V  [jvm.dll+0x6dab8f]
V  [jvm.dll+0x6d36e5]
V  [jvm.dll+0x5dd306]
C  [ucrtbase.dll+0x21bb2]
C  [KERNEL32.DLL+0x17034]
C  [ntdll.dll+0x52651]


---------------  P R O C E S S  ---------------

Threads class SMR info:
_java_thread_list=0x00000146aedf4530, length=19, elements={
0x00000146ab629000, 0x00000146ab634000, 0x00000146abfb7800, 0x00000146abfb9000,
0x00000146abfbb000, 0x00000146abfc1800, 0x00000146abfc2800, 0x00000146ac113000,
0x00000146ac114800, 0x00000146ac320800, 0x00000146ad1ae000, 0x00000146ad1af000,
0x00000146ad1b2000, 0x00000146ad1af800, 0x00000146ad1ad800, 0x00000146ad1b1800,
0x00000146ad1b3000, 0x00000146ad1b4000, 0x00000146ad1b0800
}

Java Threads: ( => current thread )
  0x00000146ab629000 JavaThread "Reference Handler" daemon [_thread_blocked, id=292, stack(0x0000002b98700000,0x0000002b98800000)]
  0x00000146ab634000 JavaThread "Finalizer" daemon [_thread_blocked, id=9212, stack(0x0000002b98800000,0x0000002b98900000)]
  0x00000146abfb7800 JavaThread "Signal Dispatcher" daemon [_thread_blocked, id=15416, stack(0x0000002b98900000,0x0000002b98a00000)]
  0x00000146abfb9000 JavaThread "Attach Listener" daemon [_thread_blocked, id=12964, stack(0x0000002b98a00000,0x0000002b98b00000)]
=>0x00000146abfbb000 JavaThread "C2 CompilerThread0" daemon [_thread_in_native, id=2244, stack(0x0000002b98b00000,0x0000002b98c00000)]
  0x00000146abfc1800 JavaThread "C1 CompilerThread0" daemon [_thread_blocked, id=12236, stack(0x0000002b98c00000,0x0000002b98d00000)]
  0x00000146abfc2800 JavaThread "Sweeper thread" daemon [_thread_blocked, id=12000, stack(0x0000002b98d00000,0x0000002b98e00000)]
  0x00000146ac113000 JavaThread "Service Thread" daemon [_thread_blocked, id=5340, stack(0x0000002b98e00000,0x0000002b98f00000)]
  0x00000146ac114800 JavaThread "Common-Cleaner" daemon [_thread_blocked, id=17260, stack(0x0000002b99000000,0x0000002b99100000)]
  0x00000146ac320800 JavaThread "ForkJoinPool.commonPool-worker-7" daemon [_thread_blocked, id=9192, stack(0x0000002b99600000,0x0000002b99700000)]
  0x00000146ad1ae000 JavaThread "Simple-Language-Server main thread" daemon [_thread_blocked, id=8328, stack(0x0000002b99100000,0x0000002b99200000)]
  0x00000146ad1af000 JavaThread "LanguageServerApp-lifecycle" [_thread_blocked, id=10316, stack(0x0000002b99c00000,0x0000002b99d00000)]
  0x00000146ad1b2000 JavaThread "DestroyJavaVM" [_thread_blocked, id=11732, stack(0x0000002b98000000,0x0000002b98100000)]
  0x00000146ad1af800 JavaThread "pool-4-thread-1" [_thread_in_native, id=7352, stack(0x0000002b99e00000,0x0000002b99f00000)]
  0x00000146ad1ad800 JavaThread "pool-5-thread-1" [_thread_blocked, id=14564, stack(0x0000002b9a000000,0x0000002b9a100000)]
  0x00000146ad1b1800 JavaThread "parallel-1" daemon [_thread_blocked, id=11012, stack(0x0000002b9a200000,0x0000002b9a300000)]
  0x00000146ad1b3000 JavaThread "pool-2-thread-1" [_thread_blocked, id=2020, stack(0x0000002b99f00000,0x0000002b9a000000)]
  0x00000146ad1b4000 JavaThread "Reconciler-1" daemon [_thread_blocked, id=13636, stack(0x0000002b9a100000,0x0000002b9a200000)]
  0x00000146ad1b0800 JavaThread "elastic-evictor-1" daemon [_thread_blocked, id=15048, stack(0x0000002b97d00000,0x0000002b97e00000)]

Other Threads:
  0x00000146ab627000 VMThread "VM Thread" [stack: 0x0000002b98600000,0x0000002b98700000] [id=1540]
  0x00000146ac114000 WatcherThread [stack: 0x0000002b98f00000,0x0000002b99000000] [id=16532]
  0x000001468f622000 GCTaskThread "GC Thread#0" [stack: 0x0000002b98100000,0x0000002b98200000] [id=13624]
  0x00000146ad0da800 GCTaskThread "GC Thread#1" [stack: 0x0000002b99300000,0x0000002b99400000] [id=17376]
  0x00000146acc1a800 GCTaskThread "GC Thread#2" [stack: 0x0000002b99400000,0x0000002b99500000] [id=12136]
  0x00000146ae337800 GCTaskThread "GC Thread#3" [stack: 0x0000002b99d00000,0x0000002b99e00000] [id=3148]
  0x00000146ae1e5800 GCTaskThread "GC Thread#4" [stack: 0x0000002b9a300000,0x0000002b9a400000] [id=6884]
  0x00000146b0c93800 GCTaskThread "GC Thread#5" [stack: 0x0000002b9a400000,0x0000002b9a500000] [id=17668]
  0x00000146ae063800 GCTaskThread "GC Thread#6" [stack: 0x0000002b9a500000,0x0000002b9a600000] [id=16640]
  0x00000146aecfe800 GCTaskThread "GC Thread#7" [stack: 0x0000002b9a600000,0x0000002b9a700000] [id=13580]
  0x000001468f651000 ConcurrentGCThread "G1 Main Marker" [stack: 0x0000002b98200000,0x0000002b98300000] [id=12988]
  0x000001468f652800 ConcurrentGCThread "G1 Conc#0" [stack: 0x0000002b98300000,0x0000002b98400000] [id=4920]
  0x00000146acda5000 ConcurrentGCThread "G1 Conc#1" [stack: 0x0000002b99b00000,0x0000002b99c00000] [id=18372]
  0x000001468f6e1800 ConcurrentGCThread "G1 Refine#0" [stack: 0x0000002b98400000,0x0000002b98500000] [id=3676]
  0x000001468f6e2800 ConcurrentGCThread "G1 Young RemSet Sampling" [stack: 0x0000002b98500000,0x0000002b98600000] [id=1188]

Threads with active compile tasks:
C2 CompilerThread0 402992 4579       4       jdk.internal.jimage.BasicImageReader::getString (48 bytes)

VM state:not at safepoint (normal execution)

VM Mutex/Monitor currently owned by a thread: None

Heap address: 0x0000000082200000, size: 2014 MB, Compressed Oops mode: 32-bit
Narrow klass base: 0x0000000000000000, Narrow klass shift: 3
Compressed class space size: 1073741824 Address: 0x0000000100000000

Heap:
 garbage-first heap   total 158720K, used 34634K [0x0000000082200000, 0x0000000100000000)
  region size 1024K, 15 young (15360K), 5 survivors (5120K)
 Metaspace       used 42586K, capacity 43642K, committed 43904K, reserved 1087488K
  class space    used 4746K, capacity 5161K, committed 5248K, reserved 1048576K
Heap Regions: E=young(eden), S=young(survivor), O=old, HS=humongous(starts), HC=humongous(continues), CS=collection set, F=free, A=archive, TAMS=top-at-mark-start (previous, next)
|   0|0x0000000082200000, 0x0000000082300000, 0x0000000082300000|100%| O|  |TAMS 0x0000000082300000, 0x0000000082200000| Untracked 
|   1|0x0000000082300000, 0x0000000082400000, 0x0000000082400000|100%| O|  |TAMS 0x0000000082400000, 0x0000000082300000| Untracked 
|   2|0x0000000082400000, 0x0000000082500000, 0x0000000082500000|100%| O|  |TAMS 0x0000000082500000, 0x0000000082400000| Untracked 
|   3|0x0000000082500000, 0x0000000082600000, 0x0000000082600000|100%| O|  |TAMS 0x0000000082600000, 0x0000000082500000| Untracked 
|   4|0x0000000082600000, 0x0000000082700000, 0x0000000082700000|100%| O|  |TAMS 0x0000000082700000, 0x0000000082600000| Untracked 
|   5|0x0000000082700000, 0x0000000082800000, 0x0000000082800000|100%|HS|  |TAMS 0x0000000082800000, 0x0000000082700000| Complete 
|   6|0x0000000082800000, 0x0000000082900000, 0x0000000082900000|100%| O|  |TAMS 0x0000000082800000, 0x0000000082800000| Untracked 
|   7|0x0000000082900000, 0x0000000082a00000, 0x0000000082a00000|100%|HS|  |TAMS 0x0000000082a00000, 0x0000000082900000| Complete 
|   8|0x0000000082a00000, 0x0000000082b00000, 0x0000000082b00000|100%|HC|  |TAMS 0x0000000082b00000, 0x0000000082a00000| Complete 
|   9|0x0000000082b00000, 0x0000000082c00000, 0x0000000082c00000|100%| O|  |TAMS 0x0000000082b00000, 0x0000000082b00000| Untracked 
|  10|0x0000000082c00000, 0x0000000082d00000, 0x0000000082d00000|100%| O|  |TAMS 0x0000000082c00000, 0x0000000082c00000| Untracked 
|  11|0x0000000082d00000, 0x0000000082e00000, 0x0000000082e00000|100%| O|  |TAMS 0x0000000082d00000, 0x0000000082d00000| Untracked 
|  12|0x0000000082e00000, 0x0000000082f00000, 0x0000000082f00000|100%|HS|  |TAMS 0x0000000082f00000, 0x0000000082e00000| Complete 
|  13|0x0000000082f00000, 0x0000000083000000, 0x0000000083000000|100%| O|  |TAMS 0x0000000082fe2200, 0x0000000082f00000| Untracked 
|  14|0x0000000083000000, 0x0000000083100000, 0x0000000083100000|100%| O|  |TAMS 0x0000000083000000, 0x0000000083000000| Untracked 
|  15|0x0000000083100000, 0x0000000083200000, 0x0000000083200000|100%| O|  |TAMS 0x0000000083100000, 0x0000000083100000| Untracked 
|  16|0x0000000083200000, 0x0000000083300000, 0x0000000083300000|100%| O|  |TAMS 0x0000000083200000, 0x0000000083200000| Untracked 
|  17|0x0000000083300000, 0x0000000083400000, 0x0000000083400000|100%| O|  |TAMS 0x0000000083300000, 0x0000000083300000| Untracked 
|  18|0x0000000083400000, 0x0000000083500000, 0x0000000083500000|100%| O|  |TAMS 0x0000000083400000, 0x0000000083400000| Untracked 
|  19|0x0000000083500000, 0x0000000083600000, 0x0000000083600000|100%| O|  |TAMS 0x0000000083500000, 0x0000000083500000| Untracked 
|  20|0x0000000083600000, 0x000000008362be00, 0x0000000083700000| 17%| O|  |TAMS 0x0000000083600000, 0x0000000083600000| Untracked 
|  21|0x0000000083700000, 0x0000000083700000, 0x0000000083800000|  0%| F|  |TAMS 0x0000000083700000, 0x0000000083700000| Untracked 
|  22|0x0000000083800000, 0x0000000083800000, 0x0000000083900000|  0%| F|  |TAMS 0x0000000083800000, 0x0000000083800000| Untracked 
|  23|0x0000000083900000, 0x0000000083900000, 0x0000000083a00000|  0%| F|  |TAMS 0x0000000083900000, 0x0000000083900000| Untracked 
|  24|0x0000000083a00000, 0x0000000083a00000, 0x0000000083b00000|  0%| F|  |TAMS 0x0000000083a00000, 0x0000000083a00000| Untracked 
|  25|0x0000000083b00000, 0x0000000083b00000, 0x0000000083c00000|  0%| F|  |TAMS 0x0000000083b00000, 0x0000000083b00000| Untracked 
|  26|0x0000000083c00000, 0x0000000083c00000, 0x0000000083d00000|  0%| F|  |TAMS 0x0000000083c00000, 0x0000000083c00000| Untracked 
|  27|0x0000000083d00000, 0x0000000083d00000, 0x0000000083e00000|  0%| F|  |TAMS 0x0000000083d00000, 0x0000000083d00000| Untracked 
|  28|0x0000000083e00000, 0x0000000083e00000, 0x0000000083f00000|  0%| F|  |TAMS 0x0000000083e00000, 0x0000000083e00000| Untracked 
|  29|0x0000000083f00000, 0x0000000083f00000, 0x0000000084000000|  0%| F|  |TAMS 0x0000000083f00000, 0x0000000083f00000| Untracked 
|  30|0x0000000084000000, 0x0000000084000000, 0x0000000084100000|  0%| F|  |TAMS 0x0000000084000000, 0x0000000084000000| Untracked 
|  31|0x0000000084100000, 0x0000000084100000, 0x0000000084200000|  0%| F|  |TAMS 0x0000000084100000, 0x0000000084100000| Untracked 
|  32|0x0000000084200000, 0x0000000084200000, 0x0000000084300000|  0%| F|  |TAMS 0x0000000084200000, 0x0000000084200000| Untracked 
|  33|0x0000000084300000, 0x0000000084300000, 0x0000000084400000|  0%| F|  |TAMS 0x0000000084300000, 0x0000000084300000| Untracked 
|  34|0x0000000084400000, 0x0000000084400000, 0x0000000084500000|  0%| F|  |TAMS 0x0000000084400000, 0x0000000084400000| Untracked 
|  35|0x0000000084500000, 0x0000000084500000, 0x0000000084600000|  0%| F|  |TAMS 0x0000000084500000, 0x0000000084500000| Untracked 
|  36|0x0000000084600000, 0x0000000084600000, 0x0000000084700000|  0%| F|  |TAMS 0x0000000084600000, 0x0000000084600000| Untracked 
|  37|0x0000000084700000, 0x0000000084700000, 0x0000000084800000|  0%| F|  |TAMS 0x0000000084700000, 0x0000000084700000| Untracked 
|  38|0x0000000084800000, 0x0000000084800000, 0x0000000084900000|  0%| F|  |TAMS 0x0000000084800000, 0x0000000084800000| Untracked 
|  39|0x0000000084900000, 0x0000000084900000, 0x0000000084a00000|  0%| F|  |TAMS 0x0000000084900000, 0x0000000084900000| Untracked 
|  40|0x0000000084a00000, 0x0000000084a00000, 0x0000000084b00000|  0%| F|  |TAMS 0x0000000084a00000, 0x0000000084a00000| Untracked 
|  41|0x0000000084b00000, 0x0000000084b00000, 0x0000000084c00000|  0%| F|  |TAMS 0x0000000084b00000, 0x0000000084b00000| Untracked 
|  42|0x0000000084c00000, 0x0000000084c00000, 0x0000000084d00000|  0%| F|  |TAMS 0x0000000084c00000, 0x0000000084c00000| Untracked 
|  43|0x0000000084d00000, 0x0000000084d00000, 0x0000000084e00000|  0%| F|  |TAMS 0x0000000084d00000, 0x0000000084d00000| Untracked 
|  44|0x0000000084e00000, 0x0000000084e00000, 0x0000000084f00000|  0%| F|  |TAMS 0x0000000084e00000, 0x0000000084e00000| Untracked 
|  45|0x0000000084f00000, 0x0000000084f00000, 0x0000000085000000|  0%| F|  |TAMS 0x0000000084f00000, 0x0000000084f00000| Untracked 
|  46|0x0000000085000000, 0x0000000085000000, 0x0000000085100000|  0%| F|  |TAMS 0x0000000085000000, 0x0000000085000000| Untracked 
|  47|0x0000000085100000, 0x0000000085100000, 0x0000000085200000|  0%| F|  |TAMS 0x0000000085100000, 0x0000000085100000| Untracked 
|  48|0x0000000085200000, 0x0000000085200000, 0x0000000085300000|  0%| F|  |TAMS 0x0000000085200000, 0x0000000085200000| Untracked 
|  49|0x0000000085300000, 0x0000000085300000, 0x0000000085400000|  0%| F|  |TAMS 0x0000000085300000, 0x0000000085300000| Untracked 
|  50|0x0000000085400000, 0x0000000085400000, 0x0000000085500000|  0%| F|  |TAMS 0x0000000085400000, 0x0000000085400000| Untracked 
|  51|0x0000000085500000, 0x0000000085500000, 0x0000000085600000|  0%| F|  |TAMS 0x0000000085500000, 0x0000000085500000| Untracked 
|  52|0x0000000085600000, 0x0000000085600000, 0x0000000085700000|  0%| F|  |TAMS 0x0000000085600000, 0x0000000085600000| Untracked 
|  53|0x0000000085700000, 0x0000000085700000, 0x0000000085800000|  0%| F|  |TAMS 0x0000000085700000, 0x0000000085700000| Untracked 
|  54|0x0000000085800000, 0x0000000085800000, 0x0000000085900000|  0%| F|  |TAMS 0x0000000085800000, 0x0000000085800000| Untracked 
|  55|0x0000000085900000, 0x0000000085900000, 0x0000000085a00000|  0%| F|  |TAMS 0x0000000085900000, 0x0000000085900000| Untracked 
|  56|0x0000000085a00000, 0x0000000085a00000, 0x0000000085b00000|  0%| F|  |TAMS 0x0000000085a00000, 0x0000000085a00000| Untracked 
|  57|0x0000000085b00000, 0x0000000085b00000, 0x0000000085c00000|  0%| F|  |TAMS 0x0000000085b00000, 0x0000000085b00000| Untracked 
|  58|0x0000000085c00000, 0x0000000085c00000, 0x0000000085d00000|  0%| F|  |TAMS 0x0000000085c00000, 0x0000000085c00000| Untracked 
|  59|0x0000000085d00000, 0x0000000085d00000, 0x0000000085e00000|  0%| F|  |TAMS 0x0000000085d00000, 0x0000000085d00000| Untracked 
|  60|0x0000000085e00000, 0x0000000085e00000, 0x0000000085f00000|  0%| F|  |TAMS 0x0000000085e00000, 0x0000000085e00000| Untracked 
|  61|0x0000000085f00000, 0x0000000085f00000, 0x0000000086000000|  0%| F|  |TAMS 0x0000000085f00000, 0x0000000085f00000| Untracked 
|  62|0x0000000086000000, 0x0000000086000000, 0x0000000086100000|  0%| F|  |TAMS 0x0000000086000000, 0x0000000086000000| Untracked 
|  63|0x0000000086100000, 0x00000000861a6cb8, 0x0000000086200000| 65%| S|CS|TAMS 0x0000000086100000, 0x0000000086100000| Complete 
|  64|0x0000000086200000, 0x0000000086300000, 0x0000000086300000|100%| S|CS|TAMS 0x0000000086200000, 0x0000000086200000| Complete 
|  65|0x0000000086300000, 0x0000000086400000, 0x0000000086400000|100%| S|CS|TAMS 0x0000000086300000, 0x0000000086300000| Complete 
|  66|0x0000000086400000, 0x0000000086500000, 0x0000000086500000|100%| S|CS|TAMS 0x0000000086400000, 0x0000000086400000| Complete 
|  67|0x0000000086500000, 0x0000000086600000, 0x0000000086600000|100%| S|CS|TAMS 0x0000000086500000, 0x0000000086500000| Complete 
|  68|0x0000000086600000, 0x0000000086600000, 0x0000000086700000|  0%| F|  |TAMS 0x0000000086600000, 0x0000000086600000| Untracked 
|  69|0x0000000086700000, 0x0000000086700000, 0x0000000086800000|  0%| F|  |TAMS 0x0000000086700000, 0x0000000086700000| Untracked 
|  70|0x0000000086800000, 0x0000000086800000, 0x0000000086900000|  0%| F|  |TAMS 0x0000000086800000, 0x0000000086800000| Untracked 
|  71|0x0000000086900000, 0x0000000086900000, 0x0000000086a00000|  0%| F|  |TAMS 0x0000000086900000, 0x0000000086900000| Untracked 
|  72|0x0000000086a00000, 0x0000000086a00000, 0x0000000086b00000|  0%| F|  |TAMS 0x0000000086a00000, 0x0000000086a00000| Untracked 
|  73|0x0000000086b00000, 0x0000000086b00000, 0x0000000086c00000|  0%| F|  |TAMS 0x0000000086b00000, 0x0000000086b00000| Untracked 
|  74|0x0000000086c00000, 0x0000000086c00000, 0x0000000086d00000|  0%| F|  |TAMS 0x0000000086c00000, 0x0000000086c00000| Untracked 
|  75|0x0000000086d00000, 0x0000000086d00000, 0x0000000086e00000|  0%| F|  |TAMS 0x0000000086d00000, 0x0000000086d00000| Untracked 
|  76|0x0000000086e00000, 0x0000000086e00000, 0x0000000086f00000|  0%| F|  |TAMS 0x0000000086e00000, 0x0000000086e00000| Untracked 
|  77|0x0000000086f00000, 0x0000000086f00000, 0x0000000087000000|  0%| F|  |TAMS 0x0000000086f00000, 0x0000000086f00000| Untracked 
|  78|0x0000000087000000, 0x0000000087000000, 0x0000000087100000|  0%| F|  |TAMS 0x0000000087000000, 0x0000000087000000| Untracked 
|  79|0x0000000087100000, 0x0000000087100000, 0x0000000087200000|  0%| F|  |TAMS 0x0000000087100000, 0x0000000087100000| Untracked 
|  80|0x0000000087200000, 0x0000000087200000, 0x0000000087300000|  0%| F|  |TAMS 0x0000000087200000, 0x0000000087200000| Untracked 
|  81|0x0000000087300000, 0x0000000087300000, 0x0000000087400000|  0%| F|  |TAMS 0x0000000087300000, 0x0000000087300000| Untracked 
|  82|0x0000000087400000, 0x0000000087400000, 0x0000000087500000|  0%| F|  |TAMS 0x0000000087400000, 0x0000000087400000| Untracked 
|  83|0x0000000087500000, 0x0000000087500000, 0x0000000087600000|  0%| F|  |TAMS 0x0000000087500000, 0x0000000087500000| Untracked 
|  84|0x0000000087600000, 0x0000000087600000, 0x0000000087700000|  0%| F|  |TAMS 0x0000000087600000, 0x0000000087600000| Untracked 
|  85|0x0000000087700000, 0x0000000087700000, 0x0000000087800000|  0%| F|  |TAMS 0x0000000087700000, 0x0000000087700000| Untracked 
|  86|0x0000000087800000, 0x0000000087800000, 0x0000000087900000|  0%| F|  |TAMS 0x0000000087800000, 0x0000000087800000| Untracked 
|  87|0x0000000087900000, 0x0000000087900000, 0x0000000087a00000|  0%| F|  |TAMS 0x0000000087900000, 0x0000000087900000| Untracked 
|  88|0x0000000087a00000, 0x0000000087a00000, 0x0000000087b00000|  0%| F|  |TAMS 0x0000000087a00000, 0x0000000087a00000| Untracked 
|  89|0x0000000087b00000, 0x0000000087b00000, 0x0000000087c00000|  0%| F|  |TAMS 0x0000000087b00000, 0x0000000087b00000| Untracked 
|  90|0x0000000087c00000, 0x0000000087c00000, 0x0000000087d00000|  0%| F|  |TAMS 0x0000000087c00000, 0x0000000087c00000| Untracked 
|  91|0x0000000087d00000, 0x0000000087d00000, 0x0000000087e00000|  0%| F|  |TAMS 0x0000000087d00000, 0x0000000087d00000| Untracked 
|  92|0x0000000087e00000, 0x0000000087e00000, 0x0000000087f00000|  0%| F|  |TAMS 0x0000000087e00000, 0x0000000087e00000| Untracked 
|  93|0x0000000087f00000, 0x0000000087f00000, 0x0000000088000000|  0%| F|  |TAMS 0x0000000087f00000, 0x0000000087f00000| Untracked 
|  94|0x0000000088000000, 0x0000000088000000, 0x0000000088100000|  0%| F|  |TAMS 0x0000000088000000, 0x0000000088000000| Untracked 
|  95|0x0000000088100000, 0x0000000088100000, 0x0000000088200000|  0%| F|  |TAMS 0x0000000088100000, 0x0000000088100000| Untracked 
|  96|0x0000000088200000, 0x0000000088200000, 0x0000000088300000|  0%| F|  |TAMS 0x0000000088200000, 0x0000000088200000| Untracked 
|  97|0x0000000088300000, 0x0000000088300000, 0x0000000088400000|  0%| F|  |TAMS 0x0000000088300000, 0x0000000088300000| Untracked 
|  98|0x0000000088400000, 0x0000000088400000, 0x0000000088500000|  0%| F|  |TAMS 0x0000000088400000, 0x0000000088400000| Untracked 
|  99|0x0000000088500000, 0x0000000088500000, 0x0000000088600000|  0%| F|  |TAMS 0x0000000088500000, 0x0000000088500000| Untracked 
| 100|0x0000000088600000, 0x0000000088600000, 0x0000000088700000|  0%| F|  |TAMS 0x0000000088600000, 0x0000000088600000| Untracked 
| 101|0x0000000088700000, 0x0000000088700000, 0x0000000088800000|  0%| F|  |TAMS 0x0000000088700000, 0x0000000088700000| Untracked 
| 102|0x0000000088800000, 0x0000000088800000, 0x0000000088900000|  0%| F|  |TAMS 0x0000000088800000, 0x0000000088800000| Untracked 
| 103|0x0000000088900000, 0x0000000088900000, 0x0000000088a00000|  0%| F|  |TAMS 0x0000000088900000, 0x0000000088900000| Untracked 
| 104|0x0000000088a00000, 0x0000000088a00000, 0x0000000088b00000|  0%| F|  |TAMS 0x0000000088a00000, 0x0000000088a00000| Untracked 
| 105|0x0000000088b00000, 0x0000000088b00000, 0x0000000088c00000|  0%| F|  |TAMS 0x0000000088b00000, 0x0000000088b00000| Untracked 
| 106|0x0000000088c00000, 0x0000000088c00000, 0x0000000088d00000|  0%| F|  |TAMS 0x0000000088c00000, 0x0000000088c00000| Untracked 
| 107|0x0000000088d00000, 0x0000000088d00000, 0x0000000088e00000|  0%| F|  |TAMS 0x0000000088d00000, 0x0000000088d00000| Untracked 
| 108|0x0000000088e00000, 0x0000000088e00000, 0x0000000088f00000|  0%| F|  |TAMS 0x0000000088e00000, 0x0000000088e00000| Untracked 
| 109|0x0000000088f00000, 0x0000000088f00000, 0x0000000089000000|  0%| F|  |TAMS 0x0000000088f00000, 0x0000000088f00000| Untracked 
| 110|0x0000000089000000, 0x0000000089000000, 0x0000000089100000|  0%| F|  |TAMS 0x0000000089000000, 0x0000000089000000| Untracked 
| 111|0x0000000089100000, 0x0000000089100000, 0x0000000089200000|  0%| F|  |TAMS 0x0000000089100000, 0x0000000089100000| Untracked 
| 112|0x0000000089200000, 0x0000000089200000, 0x0000000089300000|  0%| F|  |TAMS 0x0000000089200000, 0x0000000089200000| Untracked 
| 113|0x0000000089300000, 0x0000000089300000, 0x0000000089400000|  0%| F|  |TAMS 0x0000000089300000, 0x0000000089300000| Untracked 
| 114|0x0000000089400000, 0x0000000089400000, 0x0000000089500000|  0%| F|  |TAMS 0x0000000089400000, 0x0000000089400000| Untracked 
| 115|0x0000000089500000, 0x0000000089500000, 0x0000000089600000|  0%| F|  |TAMS 0x0000000089500000, 0x0000000089500000| Untracked 
| 116|0x0000000089600000, 0x0000000089600000, 0x0000000089700000|  0%| F|  |TAMS 0x0000000089600000, 0x0000000089600000| Untracked 
| 117|0x0000000089700000, 0x0000000089700000, 0x0000000089800000|  0%| F|  |TAMS 0x0000000089700000, 0x0000000089700000| Untracked 
| 118|0x0000000089800000, 0x0000000089800000, 0x0000000089900000|  0%| F|  |TAMS 0x0000000089800000, 0x0000000089800000| Untracked 
| 119|0x0000000089900000, 0x0000000089900000, 0x0000000089a00000|  0%| F|  |TAMS 0x0000000089900000, 0x0000000089900000| Untracked 
| 120|0x0000000089a00000, 0x0000000089a00000, 0x0000000089b00000|  0%| F|  |TAMS 0x0000000089a00000, 0x0000000089a00000| Untracked 
| 121|0x0000000089b00000, 0x0000000089b00000, 0x0000000089c00000|  0%| F|  |TAMS 0x0000000089b00000, 0x0000000089b00000| Untracked 
| 122|0x0000000089c00000, 0x0000000089c00000, 0x0000000089d00000|  0%| F|  |TAMS 0x0000000089c00000, 0x0000000089c00000| Untracked 
| 123|0x0000000089d00000, 0x0000000089d00000, 0x0000000089e00000|  0%| F|  |TAMS 0x0000000089d00000, 0x0000000089d00000| Untracked 
| 124|0x0000000089e00000, 0x0000000089e00000, 0x0000000089f00000|  0%| F|  |TAMS 0x0000000089e00000, 0x0000000089e00000| Untracked 
| 125|0x0000000089f00000, 0x0000000089f00000, 0x000000008a000000|  0%| F|  |TAMS 0x0000000089f00000, 0x0000000089f00000| Untracked 
| 126|0x000000008a000000, 0x000000008a000000, 0x000000008a100000|  0%| F|  |TAMS 0x000000008a000000, 0x000000008a000000| Untracked 
| 127|0x000000008a100000, 0x000000008a100000, 0x000000008a200000|  0%| F|  |TAMS 0x000000008a100000, 0x000000008a100000| Untracked 
| 128|0x000000008a200000, 0x000000008a200000, 0x000000008a300000|  0%| F|  |TAMS 0x000000008a200000, 0x000000008a200000| Untracked 
| 129|0x000000008a300000, 0x000000008a300000, 0x000000008a400000|  0%| F|  |TAMS 0x000000008a300000, 0x000000008a300000| Untracked 
| 130|0x000000008a400000, 0x000000008a400000, 0x000000008a500000|  0%| F|  |TAMS 0x000000008a400000, 0x000000008a400000| Untracked 
| 131|0x000000008a500000, 0x000000008a500000, 0x000000008a600000|  0%| F|  |TAMS 0x000000008a500000, 0x000000008a500000| Untracked 
| 132|0x000000008a600000, 0x000000008a600000, 0x000000008a700000|  0%| F|  |TAMS 0x000000008a600000, 0x000000008a600000| Untracked 
| 133|0x000000008a700000, 0x000000008a700000, 0x000000008a800000|  0%| F|  |TAMS 0x000000008a700000, 0x000000008a700000| Untracked 
| 134|0x000000008a800000, 0x000000008a800000, 0x000000008a900000|  0%| F|  |TAMS 0x000000008a800000, 0x000000008a800000| Untracked 
| 135|0x000000008a900000, 0x000000008a900000, 0x000000008aa00000|  0%| F|  |TAMS 0x000000008a900000, 0x000000008a900000| Untracked 
| 136|0x000000008aa00000, 0x000000008aa00000, 0x000000008ab00000|  0%| F|  |TAMS 0x000000008aa00000, 0x000000008aa00000| Untracked 
| 137|0x000000008ab00000, 0x000000008ab00000, 0x000000008ac00000|  0%| F|  |TAMS 0x000000008ab00000, 0x000000008ab00000| Untracked 
| 138|0x000000008ac00000, 0x000000008ac00000, 0x000000008ad00000|  0%| F|  |TAMS 0x000000008ac00000, 0x000000008ac00000| Untracked 
| 139|0x000000008ad00000, 0x000000008ad00000, 0x000000008ae00000|  0%| F|  |TAMS 0x000000008ad00000, 0x000000008ad00000| Untracked 
| 140|0x000000008ae00000, 0x000000008ae00000, 0x000000008af00000|  0%| F|  |TAMS 0x000000008ae00000, 0x000000008ae00000| Untracked 
| 141|0x000000008af00000, 0x000000008af00000, 0x000000008b000000|  0%| F|  |TAMS 0x000000008af00000, 0x000000008af00000| Untracked 
| 142|0x000000008b000000, 0x000000008b000000, 0x000000008b100000|  0%| F|  |TAMS 0x000000008b000000, 0x000000008b000000| Untracked 
| 143|0x000000008b100000, 0x000000008b100000, 0x000000008b200000|  0%| F|  |TAMS 0x000000008b100000, 0x000000008b100000| Untracked 
| 144|0x000000008b200000, 0x000000008b200000, 0x000000008b300000|  0%| F|  |TAMS 0x000000008b200000, 0x000000008b200000| Untracked 
| 145|0x000000008b300000, 0x000000008b393c60, 0x000000008b400000| 57%| E|  |TAMS 0x000000008b300000, 0x000000008b300000| Complete 
| 146|0x000000008b400000, 0x000000008b500000, 0x000000008b500000|100%| E|CS|TAMS 0x000000008b400000, 0x000000008b400000| Complete 
| 147|0x000000008b500000, 0x000000008b600000, 0x000000008b600000|100%| E|CS|TAMS 0x000000008b500000, 0x000000008b500000| Complete 
| 148|0x000000008b600000, 0x000000008b700000, 0x000000008b700000|100%| E|CS|TAMS 0x000000008b600000, 0x000000008b600000| Complete 
| 149|0x000000008b700000, 0x000000008b800000, 0x000000008b800000|100%| E|CS|TAMS 0x000000008b700000, 0x000000008b700000| Complete 
| 150|0x000000008b800000, 0x000000008b900000, 0x000000008b900000|100%| E|CS|TAMS 0x000000008b800000, 0x000000008b800000| Complete 
| 151|0x000000008b900000, 0x000000008ba00000, 0x000000008ba00000|100%| E|CS|TAMS 0x000000008b900000, 0x000000008b900000| Complete 
| 152|0x000000008ba00000, 0x000000008bb00000, 0x000000008bb00000|100%| E|CS|TAMS 0x000000008ba00000, 0x000000008ba00000| Complete 
| 153|0x000000008bb00000, 0x000000008bc00000, 0x000000008bc00000|100%| E|CS|TAMS 0x000000008bb00000, 0x000000008bb00000| Complete 
| 154|0x000000008bc00000, 0x000000008bd00000, 0x000000008bd00000|100%| E|CS|TAMS 0x000000008bc00000, 0x000000008bc00000| Complete 

Card table byte_map: [0x00000146a4470000,0x00000146a4860000] _byte_map_base: 0x00000146a405f000

Marking Bits (Prev, Next): (CMBitMap*) 0x000001468f648758, (CMBitMap*) 0x000001468f648790
 Prev Bits: [0x00000146a4c50000, 0x00000146a6bc8000)
 Next Bits: [0x00000146a6bd0000, 0x00000146a8b48000)

Polling page: 0x000001468f6f0000

Metaspace:

Usage:
  Non-class:     37.58 MB capacity,    36.95 MB ( 98%) used,   517.50 KB (  1%) free+waste,   123.19 KB ( <1%) overhead. 
      Class:      5.04 MB capacity,     4.64 MB ( 92%) used,   357.19 KB (  7%) free+waste,    57.38 KB (  1%) overhead. 
       Both:     42.62 MB capacity,    41.59 MB ( 98%) used,   874.69 KB (  2%) free+waste,   180.56 KB ( <1%) overhead. 

Virtual space:
  Non-class space:       38.00 MB reserved,      37.75 MB (>99%) committed 
      Class space:        1.00 GB reserved,       5.13 MB ( <1%) committed 
             Both:        1.04 GB reserved,      42.88 MB (  4%) committed 

Chunk freelists:
   Non-Class:  47.00 KB
       Class:  0 bytes
        Both:  47.00 KB

MaxMetaspaceSize: 17179869184.00 GB
CompressedClassSpaceSize: 1.00 GB

CodeHeap 'non-profiled nmethods': size=120000Kb used=2440Kb max_used=2474Kb free=117559Kb
 bounds [0x000001469c0f0000, 0x000001469c360000, 0x00000146a3620000]
CodeHeap 'profiled nmethods': size=120000Kb used=9227Kb max_used=9227Kb free=110772Kb
 bounds [0x0000014694bc0000, 0x00000146954e0000, 0x000001469c0f0000]
CodeHeap 'non-nmethods': size=5760Kb used=1174Kb max_used=1247Kb free=4585Kb
 bounds [0x0000014694620000, 0x0000014694890000, 0x0000014694bc0000]
 total_blobs=4713 nmethods=4183 adapters=441
 compilation: enabled
              stopped_count=0, restarted_count=0
 full_count=0

Compilation events (20 events):
Event: 357.651 Thread 0x00000146abfbb000 nmethod 4567 0x000001469c35ab90 code [0x000001469c35af00, 0x000001469c35d770]
Event: 362.560 Thread 0x00000146abfc1800 4569       3       java.net.URI::getSchemeSpecificPart (24 bytes)
Event: 362.561 Thread 0x00000146abfc1800 nmethod 4569 0x0000014694e3ea90 code [0x0000014694e3ec60, 0x0000014694e3eeb8]
Event: 362.561 Thread 0x00000146abfc1800 4570       3       java.util.regex.Pattern::Range (36 bytes)
Event: 362.563 Thread 0x00000146abfc1800 nmethod 4570 0x0000014694e49f90 code [0x0000014694e4a1a0, 0x0000014694e4a728]
Event: 367.600 Thread 0x00000146abfbb000 4571       4       java.lang.ref.ReferenceQueue::reallyPoll (65 bytes)
Event: 367.600 Thread 0x00000146abfc1800 4572   !   3       jdk.internal.perf.Perf$CleanerAction::run (34 bytes)
Event: 367.601 Thread 0x00000146abfc1800 nmethod 4572 0x0000014694e31890 code [0x0000014694e31a60, 0x0000014694e31be8]
Event: 367.604 Thread 0x00000146abfbb000 nmethod 4571 0x000001469c16c010 code [0x000001469c16c1c0, 0x000001469c16c508]
Event: 387.720 Thread 0x00000146abfc1800 4574       3       java.util.concurrent.ScheduledThreadPoolExecutor$DelayedWorkQueue::setIndex (16 bytes)
Event: 387.721 Thread 0x00000146abfc1800 nmethod 4574 0x0000014694e4b510 code [0x0000014694e4b6c0, 0x0000014694e4b9b8]
Event: 387.721 Thread 0x00000146abfc1800 4575       3       java.util.ServiceLoader$3::hasNext (38 bytes)
Event: 387.722 Thread 0x00000146abfc1800 nmethod 4575 0x0000014694e53e90 code [0x0000014694e54080, 0x0000014694e544e8]
Event: 387.727 Thread 0x00000146abfc1800 4576       3       sun.nio.cs.StreamDecoder::<init> (59 bytes)
Event: 387.728 Thread 0x00000146abfc1800 nmethod 4576 0x0000014694e5f990 code [0x0000014694e5fbc0, 0x0000014694e60428]
Event: 392.749 Thread 0x00000146abfbb000 4577       4       java.nio.CharBuffer::array (35 bytes)
Event: 392.751 Thread 0x00000146abfbb000 nmethod 4577 0x000001469c16bd10 code [0x000001469c16bea0, 0x000001469c16bf38]
Event: 402.816 Thread 0x00000146abfc1800 4578       3       java.net.URI::equal (158 bytes)
Event: 402.827 Thread 0x00000146abfbb000 4579       4       jdk.internal.jimage.BasicImageReader::getString (48 bytes)
Event: 402.829 Thread 0x00000146abfc1800 nmethod 4578 0x00000146954d0a90 code [0x00000146954d0fa0, 0x00000146954d3b48]

GC Heap History (16 events):
Event: 0.720 GC heap before
{Heap before GC invocations=0 (full 0):
 garbage-first heap   total 129024K, used 23552K [0x0000000082200000, 0x0000000100000000)
  region size 1024K, 24 young (24576K), 0 survivors (0K)
 Metaspace       used 9188K, capacity 9345K, committed 9600K, reserved 1058816K
  class space    used 808K, capacity 840K, committed 896K, reserved 1048576K
}
Event: 0.728 GC heap after
{Heap after GC invocations=1 (full 0):
 garbage-first heap   total 129024K, used 4256K [0x0000000082200000, 0x0000000100000000)
  region size 1024K, 3 young (3072K), 3 survivors (3072K)
 Metaspace       used 9188K, capacity 9345K, committed 9600K, reserved 1058816K
  class space    used 808K, capacity 840K, committed 896K, reserved 1048576K
}
Event: 2.037 GC heap before
{Heap before GC invocations=1 (full 0):
 garbage-first heap   total 129024K, used 77984K [0x0000000082200000, 0x0000000100000000)
  region size 1024K, 75 young (76800K), 3 survivors (3072K)
 Metaspace       used 17134K, capacity 17524K, committed 17664K, reserved 1064960K
  class space    used 1819K, capacity 1965K, committed 2048K, reserved 1048576K
}
Event: 2.046 GC heap after
{Heap after GC invocations=2 (full 0):
 garbage-first heap   total 129024K, used 6665K [0x0000000082200000, 0x0000000100000000)
  region size 1024K, 6 young (6144K), 6 survivors (6144K)
 Metaspace       used 17134K, capacity 17524K, committed 17664K, reserved 1064960K
  class space    used 1819K, capacity 1965K, committed 2048K, reserved 1048576K
}
Event: 2.531 GC heap before
{Heap before GC invocations=2 (full 0):
 garbage-first heap   total 129024K, used 45577K [0x0000000082200000, 0x0000000100000000)
  region size 1024K, 45 young (46080K), 6 survivors (6144K)
 Metaspace       used 20660K, capacity 21138K, committed 21248K, reserved 1069056K
  class space    used 2285K, capacity 2466K, committed 2560K, reserved 1048576K
}
Event: 2.542 GC heap after
{Heap after GC invocations=3 (full 0):
 garbage-first heap   total 129024K, used 7885K [0x0000000082200000, 0x0000000100000000)
  region size 1024K, 4 young (4096K), 4 survivors (4096K)
 Metaspace       used 20660K, capacity 21138K, committed 21248K, reserved 1069056K
  class space    used 2285K, capacity 2466K, committed 2560K, reserved 1048576K
}
Event: 4.631 GC heap before
{Heap before GC invocations=4 (full 0):
 garbage-first heap   total 129024K, used 80589K [0x0000000082200000, 0x0000000100000000)
  region size 1024K, 75 young (76800K), 4 survivors (4096K)
 Metaspace       used 28001K, capacity 28727K, committed 28928K, reserved 1075200K
  class space    used 3275K, capacity 3560K, committed 3584K, reserved 1048576K
}
Event: 4.639 GC heap after
{Heap after GC invocations=5 (full 0):
 garbage-first heap   total 129024K, used 9321K [0x0000000082200000, 0x0000000100000000)
  region size 1024K, 5 young (5120K), 5 survivors (5120K)
 Metaspace       used 28001K, capacity 28727K, committed 28928K, reserved 1075200K
  class space    used 3275K, capacity 3560K, committed 3584K, reserved 1048576K
}
Event: 8.082 GC heap before
{Heap before GC invocations=5 (full 0):
 garbage-first heap   total 129024K, used 84073K [0x0000000082200000, 0x0000000100000000)
  region size 1024K, 72 young (73728K), 5 survivors (5120K)
 Metaspace       used 34906K, capacity 35789K, committed 35840K, reserved 1081344K
  class space    used 4013K, capacity 4345K, committed 4352K, reserved 1048576K
}
Event: 8.161 GC heap after
{Heap after GC invocations=6 (full 0):
 garbage-first heap   total 129024K, used 20360K [0x0000000082200000, 0x0000000100000000)
  region size 1024K, 10 young (10240K), 10 survivors (10240K)
 Metaspace       used 34906K, capacity 35789K, committed 35840K, reserved 1081344K
  class space    used 4013K, capacity 4345K, committed 4352K, reserved 1048576K
}
Event: 13.084 GC heap before
{Heap before GC invocations=7 (full 0):
 garbage-first heap   total 129024K, used 86920K [0x0000000082200000, 0x0000000100000000)
  region size 1024K, 75 young (76800K), 10 survivors (10240K)
 Metaspace       used 40268K, capacity 41242K, committed 41344K, reserved 1085440K
  class space    used 4549K, capacity 4926K, committed 4992K, reserved 1048576K
}
Event: 13.093 GC heap after
{Heap after GC invocations=8 (full 0):
 garbage-first heap   total 158720K, used 22324K [0x0000000082200000, 0x0000000100000000)
  region size 1024K, 2 young (2048K), 2 survivors (2048K)
 Metaspace       used 40268K, capacity 41242K, committed 41344K, reserved 1085440K
  class space    used 4549K, capacity 4926K, committed 4992K, reserved 1048576K
}
Event: 91.098 GC heap before
{Heap before GC invocations=8 (full 0):
 garbage-first heap   total 158720K, used 105268K [0x0000000082200000, 0x0000000100000000)
  region size 1024K, 80 young (81920K), 2 survivors (2048K)
 Metaspace       used 42330K, capacity 43311K, committed 43520K, reserved 1087488K
  class space    used 4725K, capacity 5117K, committed 5120K, reserved 1048576K
}
Event: 91.102 GC heap after
{Heap after GC invocations=9 (full 0):
 garbage-first heap   total 158720K, used 25296K [0x0000000082200000, 0x0000000100000000)
  region size 1024K, 5 young (5120K), 5 survivors (5120K)
 Metaspace       used 42330K, capacity 43311K, committed 43520K, reserved 1087488K
  class space    used 4725K, capacity 5117K, committed 5120K, reserved 1048576K
}
Event: 367.594 GC heap before
{Heap before GC invocations=9 (full 0):
 garbage-first heap   total 158720K, used 108240K [0x0000000082200000, 0x0000000100000000)
  region size 1024K, 87 young (89088K), 5 survivors (5120K)
 Metaspace       used 42583K, capacity 43642K, committed 43904K, reserved 1087488K
  class space    used 4746K, capacity 5161K, committed 5248K, reserved 1048576K
}
Event: 367.599 GC heap after
{Heap after GC invocations=10 (full 0):
 garbage-first heap   total 158720K, used 25418K [0x0000000082200000, 0x0000000100000000)
  region size 1024K, 5 young (5120K), 5 survivors (5120K)
 Metaspace       used 42583K, capacity 43642K, committed 43904K, reserved 1087488K
  class space    used 4746K, capacity 5161K, committed 5248K, reserved 1048576K
}

Deoptimization events (20 events):
Event: 60.909 Thread 0x00000146ad1ad800 DEOPT PACKING pc=0x000001469c32af14 sp=0x0000002b9a0fe700
Event: 60.909 Thread 0x00000146ad1ad800 DEOPT UNPACKING pc=0x00000146946474af sp=0x0000002b9a0fe678 mode 2
Event: 60.909 Thread 0x00000146ad1ad800 Uncommon trap: trap_request=0xffffffbe fr.pc=0x000001469c32af14 relative=0x00000000000001f4
Event: 60.909 Thread 0x00000146ad1ad800 Uncommon trap: reason=profile_predicate action=maybe_recompile pc=0x000001469c32af14 method=java.net.URI$Parser.scan(IILjava/lang/String;)I @ 6 c2
Event: 60.909 Thread 0x00000146ad1ad800 DEOPT PACKING pc=0x000001469c32af14 sp=0x0000002b9a0fe630
Event: 60.909 Thread 0x00000146ad1ad800 DEOPT UNPACKING pc=0x00000146946474af sp=0x0000002b9a0fe5c8 mode 2
Event: 90.078 Thread 0x00000146ad1b4000 Uncommon trap: trap_request=0xffffffcc fr.pc=0x000001469c314518 relative=0x0000000000007698
Event: 90.078 Thread 0x00000146ad1b4000 Uncommon trap: reason=intrinsic_or_type_checked_inlining action=make_not_entrant pc=0x000001469c314518 method=java.util.ArrayList.toArray([Ljava/lang/Object;)[Ljava/lang/Object; @ 36 c2
Event: 90.078 Thread 0x00000146ad1b4000 DEOPT PACKING pc=0x000001469c314518 sp=0x0000002b9a1fcf50
Event: 90.078 Thread 0x00000146ad1b4000 DEOPT UNPACKING pc=0x00000146946474af sp=0x0000002b9a1fcf10 mode 2
Event: 90.098 Thread 0x00000146ad1b4000 DEOPT PACKING pc=0x00000146953fe161 sp=0x0000002b9a1fd770
Event: 90.098 Thread 0x00000146ad1b4000 DEOPT UNPACKING pc=0x00000146946472ce sp=0x0000002b9a1fcc58 mode 0
Event: 90.606 Thread 0x00000146ad1b4000 DEOPT PACKING pc=0x00000146953fe161 sp=0x0000002b9a1fd560
Event: 90.606 Thread 0x00000146ad1b4000 DEOPT UNPACKING pc=0x00000146946472ce sp=0x0000002b9a1fca48 mode 0
Event: 241.929 Thread 0x00000146ad1ad800 DEOPT PACKING pc=0x00000146954476f0 sp=0x0000002b9a0fe890
Event: 241.929 Thread 0x00000146ad1ad800 DEOPT UNPACKING pc=0x00000146946472ce sp=0x0000002b9a0fdd58 mode 0
Event: 297.243 Thread 0x00000146ad1ad800 DEOPT PACKING pc=0x0000014694def80c sp=0x0000002b9a0fe810
Event: 297.243 Thread 0x00000146ad1ad800 DEOPT UNPACKING pc=0x00000146946472ce sp=0x0000002b9a0fddd0 mode 0
Event: 357.554 Thread 0x00000146ad1ad800 DEOPT PACKING pc=0x00000146954b0ceb sp=0x0000002b9a0fe990
Event: 357.554 Thread 0x00000146ad1ad800 DEOPT UNPACKING pc=0x00000146946472ce sp=0x0000002b9a0fde68 mode 0

Classes redefined (0 events):
No events

Internal exceptions (20 events):
Event: 13.656 Thread 0x00000146ad1b4000 Exception <a 'sun/nio/fs/WindowsException'{0x000000008b753660}> (0x000000008b753660) thrown at [./src/hotspot/share/prims/jni.cpp, line 615]
Event: 13.656 Thread 0x00000146ad1b4000 Exception <a 'sun/nio/fs/WindowsException'{0x000000008b7539e8}> (0x000000008b7539e8) thrown at [./src/hotspot/share/prims/jni.cpp, line 615]
Event: 13.656 Thread 0x00000146ad1b4000 Exception <a 'sun/nio/fs/WindowsException'{0x000000008b754918}> (0x000000008b754918) thrown at [./src/hotspot/share/prims/jni.cpp, line 615]
Event: 13.656 Thread 0x00000146ad1b4000 Exception <a 'sun/nio/fs/WindowsException'{0x000000008b754cd8}> (0x000000008b754cd8) thrown at [./src/hotspot/share/prims/jni.cpp, line 615]
Event: 13.956 Thread 0x00000146ad1b4000 Exception <a 'sun/nio/fs/WindowsException'{0x000000008ad25858}> (0x000000008ad25858) thrown at [./src/hotspot/share/prims/jni.cpp, line 615]
Event: 13.956 Thread 0x00000146ad1b4000 Exception <a 'sun/nio/fs/WindowsException'{0x000000008ad25f10}> (0x000000008ad25f10) thrown at [./src/hotspot/share/prims/jni.cpp, line 615]
Event: 13.957 Thread 0x00000146ad1b4000 Exception <a 'sun/nio/fs/WindowsException'{0x000000008ad26270}> (0x000000008ad26270) thrown at [./src/hotspot/share/prims/jni.cpp, line 615]
Event: 13.957 Thread 0x00000146ad1b4000 Exception <a 'sun/nio/fs/WindowsException'{0x000000008ad27270}> (0x000000008ad27270) thrown at [./src/hotspot/share/prims/jni.cpp, line 615]
Event: 13.957 Thread 0x00000146ad1b4000 Exception <a 'sun/nio/fs/WindowsException'{0x000000008ad27620}> (0x000000008ad27620) thrown at [./src/hotspot/share/prims/jni.cpp, line 615]
Event: 14.095 Thread 0x00000146ad1b4000 Exception <a 'java/lang/ArrayIndexOutOfBoundsException'{0x000000008abdda30}> (0x000000008abdda30) thrown at [./src/hotspot/share/runtime/sharedRuntime.cpp, line 584]
Event: 14.198 Thread 0x00000146ad1b4000 Exception <a 'java/lang/ArrayIndexOutOfBoundsException'{0x0000000089856e20}> (0x0000000089856e20) thrown at [./src/hotspot/share/runtime/sharedRuntime.cpp, line 584]
Event: 14.332 Thread 0x00000146ad1b4000 Exception <a 'java/lang/ArrayIndexOutOfBoundsException'{0x00000000895f6508}> (0x00000000895f6508) thrown at [./src/hotspot/share/runtime/sharedRuntime.cpp, line 584]
Event: 14.383 Thread 0x00000146ad1b4000 Exception <a 'java/lang/ArrayIndexOutOfBoundsException'{0x0000000089222fa8}> (0x0000000089222fa8) thrown at [./src/hotspot/share/runtime/sharedRuntime.cpp, line 584]
Event: 14.425 Thread 0x00000146ad1b4000 Exception <a 'java/lang/ArrayIndexOutOfBoundsException'{0x00000000892d7078}> (0x00000000892d7078) thrown at [./src/hotspot/share/runtime/sharedRuntime.cpp, line 584]
Event: 14.481 Thread 0x00000146ad1b4000 Exception <a 'java/lang/ArrayIndexOutOfBoundsException'{0x000000008915eee0}> (0x000000008915eee0) thrown at [./src/hotspot/share/runtime/sharedRuntime.cpp, line 584]
Event: 14.530 Thread 0x00000146ad1b4000 Exception <a 'java/lang/ArrayIndexOutOfBoundsException'{0x0000000089075240}> (0x0000000089075240) thrown at [./src/hotspot/share/runtime/sharedRuntime.cpp, line 584]
Event: 90.068 Thread 0x00000146ad1b4000 Exception <a 'java/lang/ArrayIndexOutOfBoundsException'{0x0000000088f98848}> (0x0000000088f98848) thrown at [./src/hotspot/share/runtime/sharedRuntime.cpp, line 584]
Event: 90.605 Thread 0x00000146ad1b4000 Exception <a 'java/lang/ArrayIndexOutOfBoundsException'{0x00000000873b6698}> (0x00000000873b6698) thrown at [./src/hotspot/share/runtime/sharedRuntime.cpp, line 584]
Event: 91.105 Thread 0x00000146ac2d5000 Exception <a 'java/lang/NoSuchMethodError'{0x000000008bc21ed0}: 'java.lang.Object java.lang.invoke.DirectMethodHandle$Holder.invokeSpecial(java.lang.Object, java.lang.Object, int, java.lang.Object, java.lang.Object)'> (0x000000008bc21ed0) thrown at [./src/hotspot/share/interpreter/linkResolver.cpp, line 773]
Event: 117.686 Thread 0x00000146ad1ae000 Exception <a 'java/lang/NoSuchMethodError'{0x000000008bb217c0}: 'java.lang.Object java.lang.invoke.Invokers$Holder.linkToTargetMethod(java.lang.Object, int, java.lang.Object, java.lang.Object, java.lang.Object, java.lang.Object)'> (0x000000008bb217c0) thrown at [./src/hotspot/share/interpreter/linkResolver.cpp, line 773]

Events (20 events):
Event: 135.724 Executing VM operation: RevokeBias
Event: 135.724 Executing VM operation: RevokeBias done
Event: 135.724 Thread 0x00000146ac963000 Thread exited: 0x00000146ac963000
Event: 195.733 Executing VM operation: RevokeBias
Event: 195.733 Executing VM operation: RevokeBias done
Event: 195.733 Thread 0x00000146ac61d000 Thread exited: 0x00000146ac61d000
Event: 211.089 Executing VM operation: RevokeBias
Event: 211.089 Executing VM operation: RevokeBias done
Event: 211.090 Thread 0x00000146ac2d5000 Thread exited: 0x00000146ac2d5000
Event: 255.735 Executing VM operation: RevokeBias
Event: 255.735 Executing VM operation: RevokeBias done
Event: 255.735 Thread 0x00000146ad48a000 Thread exited: 0x00000146ad48a000
Event: 315.739 Executing VM operation: RevokeBias
Event: 315.739 Executing VM operation: RevokeBias done
Event: 315.739 Thread 0x00000146ad48f800 Thread exited: 0x00000146ad48f800
Event: 367.594 Executing VM operation: G1CollectForAllocation
Event: 367.599 Executing VM operation: G1CollectForAllocation done
Event: 375.754 Executing VM operation: RevokeBias
Event: 375.754 Executing VM operation: RevokeBias done
Event: 375.754 Thread 0x00000146ac6c7000 Thread exited: 0x00000146ac6c7000


Dynamic libraries:
0x00007ff7d3b20000 - 0x00007ff7d3b2a000 	C:\Program Files\JetBrains\IntelliJ IDEA Community Edition 2020.2.1\jbr\bin\java.exe
0x00007ff993eb0000 - 0x00007ff9940a5000 	C:\WINDOWS\SYSTEM32\ntdll.dll
0x00007ff9927b0000 - 0x00007ff99286e000 	C:\WINDOWS\System32\KERNEL32.DLL
0x00007ff9916d0000 - 0x00007ff991998000 	C:\WINDOWS\System32\KERNELBASE.dll
0x00007ff9919a0000 - 0x00007ff991aa0000 	C:\WINDOWS\System32\ucrtbase.dll
0x00007ff98acb0000 - 0x00007ff98acc7000 	C:\Program Files\JetBrains\IntelliJ IDEA Community Edition 2020.2.1\jbr\bin\VCRUNTIME140.dll
0x00007ff989950000 - 0x00007ff989969000 	C:\Program Files\JetBrains\IntelliJ IDEA Community Edition 2020.2.1\jbr\bin\jli.dll
0x00007ff992060000 - 0x00007ff992201000 	C:\WINDOWS\System32\USER32.dll
0x00007ff9915c0000 - 0x00007ff9915e2000 	C:\WINDOWS\System32\win32u.dll
0x00007ff975eb0000 - 0x00007ff97614a000 	C:\WINDOWS\WinSxS\amd64_microsoft.windows.common-controls_6595b64144ccf1df_6.0.19041.1110_none_60b5254171f9507e\COMCTL32.dll
0x00007ff991ef0000 - 0x00007ff991f1b000 	C:\WINDOWS\System32\GDI32.dll
0x00007ff992390000 - 0x00007ff99242e000 	C:\WINDOWS\System32\msvcrt.dll
0x00007ff991de0000 - 0x00007ff991eed000 	C:\WINDOWS\System32\gdi32full.dll
0x00007ff991ce0000 - 0x00007ff991d7d000 	C:\WINDOWS\System32\msvcp_win.dll
0x00007ff9925a0000 - 0x00007ff9925d0000 	C:\WINDOWS\System32\IMM32.DLL
0x00007ff96aba0000 - 0x00007ff96ac3d000 	C:\Program Files\JetBrains\IntelliJ IDEA Community Edition 2020.2.1\jbr\bin\msvcp140.dll
0x00007ff95a310000 - 0x00007ff95adcd000 	C:\Program Files\JetBrains\IntelliJ IDEA Community Edition 2020.2.1\jbr\bin\server\jvm.dll
0x00007ff992210000 - 0x00007ff9922bc000 	C:\WINDOWS\System32\ADVAPI32.dll
0x00007ff992f30000 - 0x00007ff992fcb000 	C:\WINDOWS\System32\sechost.dll
0x00007ff993440000 - 0x00007ff99356a000 	C:\WINDOWS\System32\RPCRT4.dll
0x00007ff992640000 - 0x00007ff992648000 	C:\WINDOWS\System32\PSAPI.DLL
0x00007ff97b760000 - 0x00007ff97b787000 	C:\WINDOWS\SYSTEM32\WINMM.dll
0x00007ff97ae90000 - 0x00007ff97ae99000 	C:\WINDOWS\SYSTEM32\WSOCK32.dll
0x00007ff9825f0000 - 0x00007ff9825fa000 	C:\WINDOWS\SYSTEM32\VERSION.dll
0x00007ff9925d0000 - 0x00007ff99263b000 	C:\WINDOWS\System32\WS2_32.dll
0x00007ff98fe90000 - 0x00007ff98fea2000 	C:\WINDOWS\SYSTEM32\kernel.appcore.dll
0x00007ff98b420000 - 0x00007ff98b431000 	C:\Program Files\JetBrains\IntelliJ IDEA Community Edition 2020.2.1\jbr\bin\verify.dll
0x00007ff98fb00000 - 0x00007ff98fce4000 	C:\WINDOWS\SYSTEM32\DBGHELP.DLL
0x00007ff981b30000 - 0x00007ff981b5c000 	C:\WINDOWS\SYSTEM32\dbgcore.DLL
0x00007ff991c50000 - 0x00007ff991cd2000 	C:\WINDOWS\System32\bcryptPrimitives.dll
0x00007ff98ad80000 - 0x00007ff98ada9000 	C:\Program Files\JetBrains\IntelliJ IDEA Community Edition 2020.2.1\jbr\bin\java.dll
0x00007ff98b480000 - 0x00007ff98b48b000 	C:\Program Files\JetBrains\IntelliJ IDEA Community Edition 2020.2.1\jbr\bin\jimage.dll
0x00007ff98b0e0000 - 0x00007ff98b0f8000 	C:\Program Files\JetBrains\IntelliJ IDEA Community Edition 2020.2.1\jbr\bin\zip.dll
0x00007ff993570000 - 0x00007ff993cb4000 	C:\WINDOWS\System32\SHELL32.dll
0x00007ff98f360000 - 0x00007ff98faf4000 	C:\WINDOWS\SYSTEM32\windows.storage.dll
0x00007ff992fd0000 - 0x00007ff993325000 	C:\WINDOWS\System32\combase.dll
0x00007ff990fa0000 - 0x00007ff990fce000 	C:\WINDOWS\SYSTEM32\Wldp.dll
0x00007ff992430000 - 0x00007ff9924dd000 	C:\WINDOWS\System32\SHCORE.dll
0x00007ff9933d0000 - 0x00007ff993425000 	C:\WINDOWS\System32\shlwapi.dll
0x00007ff991500000 - 0x00007ff99151f000 	C:\WINDOWS\SYSTEM32\profapi.dll
0x00007ff98ad60000 - 0x00007ff98ad7a000 	C:\Program Files\JetBrains\IntelliJ IDEA Community Edition 2020.2.1\jbr\bin\net.dll
0x00007ff982fe0000 - 0x00007ff9830ec000 	C:\WINDOWS\SYSTEM32\WINHTTP.dll
0x00007ff990ca0000 - 0x00007ff990d0a000 	C:\WINDOWS\system32\mswsock.dll
0x00007ff98ad40000 - 0x00007ff98ad54000 	C:\Program Files\JetBrains\IntelliJ IDEA Community Edition 2020.2.1\jbr\bin\nio.dll
0x00007ff98b450000 - 0x00007ff98b45a000 	C:\Program Files\JetBrains\IntelliJ IDEA Community Edition 2020.2.1\jbr\bin\management.dll
0x00007ff98b090000 - 0x00007ff98b09c000 	C:\Program Files\JetBrains\IntelliJ IDEA Community Edition 2020.2.1\jbr\bin\management_ext.dll
0x00007ff96e540000 - 0x00007ff96e557000 	C:\WINDOWS\system32\napinsp.dll
0x00007ff96e520000 - 0x00007ff96e53b000 	C:\WINDOWS\system32\pnrpnsp.dll
0x00007ff98bcd0000 - 0x00007ff98bce5000 	C:\WINDOWS\system32\wshbth.dll
0x00007ff98c930000 - 0x00007ff98c94d000 	C:\WINDOWS\system32\NLAapi.dll
0x00007ff990990000 - 0x00007ff9909cb000 	C:\WINDOWS\SYSTEM32\IPHLPAPI.DLL
0x00007ff9909d0000 - 0x00007ff990a9b000 	C:\WINDOWS\SYSTEM32\DNSAPI.dll
0x00007ff993430000 - 0x00007ff993438000 	C:\WINDOWS\System32\NSI.dll
0x00007ff96e500000 - 0x00007ff96e512000 	C:\WINDOWS\System32\winrnr.dll
0x00000000662b0000 - 0x00000000662d6000 	C:\Program Files\Bonjour\mdnsNSP.dll
0x00007ff9884f0000 - 0x00007ff9884fa000 	C:\Windows\System32\rasadhlp.dll
0x00007ff982f60000 - 0x00007ff982fdf000 	C:\WINDOWS\System32\fwpuclnt.dll
0x00007ff9916a0000 - 0x00007ff9916c7000 	C:\WINDOWS\System32\bcrypt.dll
0x00007ff990f00000 - 0x00007ff990f18000 	C:\WINDOWS\SYSTEM32\CRYPTSP.dll
0x00007ff990620000 - 0x00007ff990654000 	C:\WINDOWS\system32\rsaenh.dll
0x00007ff9914c0000 - 0x00007ff9914ee000 	C:\WINDOWS\SYSTEM32\USERENV.dll
0x00007ff990ef0000 - 0x00007ff990efc000 	C:\WINDOWS\SYSTEM32\CRYPTBASE.dll
0x00007ff986480000 - 0x00007ff986497000 	C:\WINDOWS\SYSTEM32\dhcpcsvc6.DLL
0x00007ff986890000 - 0x00007ff9868ad000 	C:\WINDOWS\SYSTEM32\dhcpcsvc.DLL
0x00007ff9895a0000 - 0x00007ff9895aa000 	C:\Program Files\JetBrains\IntelliJ IDEA Community Edition 2020.2.1\jbr\bin\attach.dll

dbghelp: loaded successfully - version: 4.0.5 - missing functions: none
symbol engine: initialized successfully - sym options: 0x614 - pdb path: .;C:\Program Files\JetBrains\IntelliJ IDEA Community Edition 2020.2.1\jbr\bin;C:\WINDOWS\SYSTEM32;C:\WINDOWS\WinSxS\amd64_microsoft.windows.common-controls_6595b64144ccf1df_6.0.19041.1110_none_60b5254171f9507e;C:\Program Files\JetBrains\IntelliJ IDEA Community Edition 2020.2.1\jbr\bin\server;C:\Program Files\Bonjour

VM Arguments:
java_command: C:\Users\lkjos\AppData\Roaming\JetBrains\IdeaIC2020.2\plugins\idea-spring-tools\lib\server\language-server.jar
java_class_path (initial): C:\Users\lkjos\AppData\Roaming\JetBrains\IdeaIC2020.2\plugins\idea-spring-tools\lib\server\language-server.jar
Launcher Type: SUN_STANDARD

[Global flags]
     intx CICompilerCount                          = 4                                         {product} {ergonomic}
     uint ConcGCThreads                            = 2                                         {product} {ergonomic}
     uint G1ConcRefinementThreads                  = 8                                         {product} {ergonomic}
   size_t G1HeapRegionSize                         = 1048576                                   {product} {ergonomic}
    uintx GCDrainStackTargetSize                   = 64                                        {product} {ergonomic}
   size_t InitialHeapSize                          = 132120576                                 {product} {ergonomic}
   size_t MarkStackSize                            = 4194304                                   {product} {ergonomic}
   size_t MaxHeapSize                              = 2111832064                                {product} {ergonomic}
   size_t MaxNewSize                               = 1266679808                                {product} {ergonomic}
   size_t MinHeapDeltaBytes                        = 1048576                                   {product} {ergonomic}
    uintx NonNMethodCodeHeapSize                   = 5836300                                {pd product} {ergonomic}
    uintx NonProfiledCodeHeapSize                  = 122910970                              {pd product} {ergonomic}
    uintx ProfiledCodeHeapSize                     = 122910970                              {pd product} {ergonomic}
    uintx ReservedCodeCacheSize                    = 251658240                              {pd product} {ergonomic}
     bool SegmentedCodeCache                       = true                                      {product} {ergonomic}
     bool UseCompressedClassPointers               = true                                 {lp64_product} {ergonomic}
     bool UseCompressedOops                        = true                                 {lp64_product} {ergonomic}
     bool UseG1GC                                  = true                                      {product} {ergonomic}
     bool UseLargePagesIndividualAllocation        = false                                  {pd product} {ergonomic}

Logging:
Log output configuration:
 #0: stdout all=warning uptime,level,tags
 #1: stderr all=off uptime,level,tags

Environment Variables:
JAVA_HOME=C:\Program Files\Java\jdk1.8.0_261
PATH=C:\Program Files (x86)\Common Files\Oracle\Java\javapath;C:\WINDOWS\system32;C:\WINDOWS;C:\WINDOWS\System32\Wbem;C:\WINDOWS\System32\WindowsPowerShell\v1.0\;C:\WINDOWS\System32\OpenSSH\;C:\Users\lkjos\;C:\Users\lkjos\DemoGitRepo\Git\cmd;C:\Program Files\nodejs\;C:\Program Files\MySQL\MySQL Shell 8.0\bin\;C:\Users\lkjos\AppData\Local\Microsoft\WindowsApps;C:\Program Files\Java\jdk1.8.0_261\bin;C:\Users\lkjos;C:\Program Files\apache-maven-3.6.3\bin;C:\Users\lkjos\AppData\Local\GitHubDesktop\bin;C:\Users\lkjos\AppData\Local\Programs\Microsoft VS Code\bin;C:\Users\lkjos\AppData\Roaming\npm;C:\Program Files\MySQL\MySQL Server 8.0\bin;
USERNAME=lkjos
OS=Windows_NT
PROCESSOR_IDENTIFIER=Intel64 Family 6 Model 158 Stepping 9, GenuineIntel



---------------  S Y S T E M  ---------------

OS: Windows 10 , 64 bit Build 19041 (10.0.19041.1348)
OS uptime: 0 days 16:23 hours

CPU:total 8 (initial active 8) (4 cores per cpu, 2 threads per core) family 6 model 158 stepping 9, cmov, cx8, fxsr, mmx, sse, sse2, sse3, ssse3, sse4.1, sse4.2, popcnt, avx, avx2, aes, clmul, erms, 3dnowpref, lzcnt, ht, tsc, tscinvbit, bmi1, bmi2, adx, fma

Memory: 4k page, system-wide physical 8050M (575M free)
TotalPageFile size 9425M (AvailPageFile size 3M)
current process WorkingSet (physical memory assigned to process): 245M, peak: 297M
current process commit charge ("private bytes"): 300M, peak: 354M

vm_info: OpenJDK 64-Bit Server VM (11.0.8+10-b944.34) for windows-amd64 JRE (11.0.8+10-b944.34), built on Sep 11 2020 15:32:11 by "" with MS VC++ 14.0 (VS2015)

END.
