#
# There is insufficient memory for the Java Runtime Environment to continue.
# Native memory allocation (malloc) failed to allocate 1048576 bytes for AllocateHeap
# Possible reasons:
#   The system is out of physical RAM or swap space
#   The process is running with CompressedOops enabled, and the Java Heap may be blocking the growth of the native heap
# Possible solutions:
#   Reduce memory load on the system
#   Increase physical memory or swap space
#   Check if swap backing store is full
#   Decrease Java heap size (-Xmx/-Xms)
#   Decrease number of Java threads
#   Decrease Java thread stack sizes (-Xss)
#   Set larger code cache with -XX:ReservedCodeCacheSize=
#   JVM is running with Unscaled Compressed Oops mode in which the Java heap is
#     placed in the first 4GB address space. The Java Heap base address is the
#     maximum limit for the native heap growth. Please use -XX:HeapBaseMinAddress
#     to set the Java Heap base and to place the Java Heap above 4GB virtual address.
# This output file may be truncated or incomplete.
#
#  Out of Memory Error (memory/allocation.inline.hpp:61), pid=4652, tid=0x0000000000003264
#
# JRE version:  (8.0_261-b12) (build )
# Java VM: Java HotSpot(TM) 64-Bit Server VM (25.261-b12 mixed mode windows-amd64 compressed oops)
# Failed to write core dump. Minidumps are not enabled by default on client versions of Windows
#

---------------  T H R E A D  ---------------

Current thread (0x000002472cfa3000):  JavaThread "Unknown thread" [_thread_in_vm, id=12900, stack(0x0000004ac9200000,0x0000004ac9300000)]

Stack: [0x0000004ac9200000,0x0000004ac9300000]
Native frames: (J=compiled Java code, j=interpreted, Vv=VM code, C=native code)
V  [jvm.dll+0x33e5f9]
V  [jvm.dll+0x2850e2]
V  [jvm.dll+0x285d8d]
V  [jvm.dll+0x27c895]
V  [jvm.dll+0x1565d]
V  [jvm.dll+0x3d9117]
V  [jvm.dll+0x3d5557]
V  [jvm.dll+0x10c61f]
V  [jvm.dll+0x21a00b]
V  [jvm.dll+0x248687]
V  [jvm.dll+0x172116]
C  [java.exe+0x2312]
C  [java.exe+0x15f64]
C  [KERNEL32.DLL+0x17034]
C  [ntdll.dll+0x52651]


---------------  P R O C E S S  ---------------

Java Threads: ( => current thread )

Other Threads:

=>0x000002472cfa3000 (exited) JavaThread "Unknown thread" [_thread_in_vm, id=12900, stack(0x0000004ac9200000,0x0000004ac9300000)]

VM state:not at safepoint (normal execution)

VM Mutex/Monitor currently owned by a thread: None

heap address: 0x0000000082200000, size: 2014 MB, Compressed Oops mode: 32-bit
Narrow klass base: 0x0000000000000000, Narrow klass shift: 3
Compressed class space size: 1073741824 Address: 0x0000000100000000

Heap:
 PSYoungGen      total 37888K, used 655K [0x00000000d6100000, 0x00000000d8b00000, 0x0000000100000000)
  eden space 32768K, 2% used [0x00000000d6100000,0x00000000d61a3d80,0x00000000d8100000)
  from space 5120K, 0% used [0x00000000d8600000,0x00000000d8600000,0x00000000d8b00000)
  to   space 5120K, 0% used [0x00000000d8100000,0x00000000d8100000,0x00000000d8600000)
 ParOldGen       total 86016K, used 0K [0x0000000082200000, 0x0000000087600000, 0x00000000d6100000)
  object space 86016K, 0% used [0x0000000082200000,0x0000000082200000,0x0000000087600000)
 Metaspace       used 776K, capacity 4480K, committed 4480K, reserved 1056768K
  class space    used 76K, capacity 384K, committed 384K, reserved 1048576K

Card table byte_map: [0x000002473dd40000,0x000002473e130000] byte_map_base: 0x000002473d92f000

Marking Bits: (ParMarkBitMap*) 0x000000006f244fb0
 Begin Bits: [0x000002473e3d0000, 0x0000024740348000)
 End Bits:   [0x0000024740348000, 0x00000247422c0000)

Polling page: 0x000002472d140000

CodeCache: size=245760Kb used=328Kb max_used=328Kb free=245431Kb
 bounds [0x000002472e980000, 0x000002472ebf0000, 0x000002473d980000]
 total_blobs=58 nmethods=0 adapters=38
 compilation: enabled

Compilation events (0 events):
No events

GC Heap History (0 events):
No events

Deoptimization events (0 events):
No events

Classes redefined (0 events):
No events

Internal exceptions (0 events):
No events

Events (10 events):
Event: 0.036 loading class java/lang/Short
Event: 0.036 loading class java/lang/Short done
Event: 0.036 loading class java/lang/Integer
Event: 0.036 loading class java/lang/Integer done
Event: 0.036 loading class java/lang/Long
Event: 0.036 loading class java/lang/Long done
Event: 0.037 loading class java/lang/NullPointerException
Event: 0.038 loading class java/lang/NullPointerException done
Event: 0.038 loading class java/lang/ArithmeticException
Event: 0.038 loading class java/lang/ArithmeticException done


Dynamic libraries:
0x00007ff7042f0000 - 0x00007ff704337000 	C:\Program Files\Java\jdk1.8.0_261\bin\java.exe
0x00007ffe37ef0000 - 0x00007ffe380e5000 	C:\WINDOWS\SYSTEM32\ntdll.dll
0x00007ffe36dd0000 - 0x00007ffe36e8e000 	C:\WINDOWS\System32\KERNEL32.DLL
0x00007ffe35a80000 - 0x00007ffe35d48000 	C:\WINDOWS\System32\KERNELBASE.dll
0x00007ffe371d0000 - 0x00007ffe3727c000 	C:\WINDOWS\System32\ADVAPI32.dll
0x00007ffe37130000 - 0x00007ffe371ce000 	C:\WINDOWS\System32\msvcrt.dll
0x00007ffe37bb0000 - 0x00007ffe37c4b000 	C:\WINDOWS\System32\sechost.dll
0x00007ffe37530000 - 0x00007ffe3765a000 	C:\WINDOWS\System32\RPCRT4.dll
0x00007ffe37370000 - 0x00007ffe37511000 	C:\WINDOWS\System32\USER32.dll
0x00007ffe35940000 - 0x00007ffe35962000 	C:\WINDOWS\System32\win32u.dll
0x00007ffe37b80000 - 0x00007ffe37bab000 	C:\WINDOWS\System32\GDI32.dll
0x00007ffe35970000 - 0x00007ffe35a7d000 	C:\WINDOWS\System32\gdi32full.dll
0x00007ffe358a0000 - 0x00007ffe3593d000 	C:\WINDOWS\System32\msvcp_win.dll
0x00007ffe357a0000 - 0x00007ffe358a0000 	C:\WINDOWS\System32\ucrtbase.dll
0x00007ffe1c410000 - 0x00007ffe1c6aa000 	C:\WINDOWS\WinSxS\amd64_microsoft.windows.common-controls_6595b64144ccf1df_6.0.19041.1110_none_60b5254171f9507e\COMCTL32.dll
0x00007ffe35f30000 - 0x00007ffe35f60000 	C:\WINDOWS\System32\IMM32.DLL
0x00007ffe2ee80000 - 0x00007ffe2ee95000 	C:\Program Files\Java\jdk1.8.0_261\jre\bin\vcruntime140.dll
0x00007ffe20510000 - 0x00007ffe205ab000 	C:\Program Files\Java\jdk1.8.0_261\jre\bin\msvcp140.dll
0x000000006ea50000 - 0x000000006f2bc000 	C:\Program Files\Java\jdk1.8.0_261\jre\bin\server\jvm.dll
0x00007ffe36110000 - 0x00007ffe36118000 	C:\WINDOWS\System32\PSAPI.DLL
0x00007ffe25b00000 - 0x00007ffe25b09000 	C:\WINDOWS\SYSTEM32\WSOCK32.dll
0x00007ffe25250000 - 0x00007ffe25277000 	C:\WINDOWS\SYSTEM32\WINMM.dll
0x00007ffe36f40000 - 0x00007ffe36fab000 	C:\WINDOWS\System32\WS2_32.dll
0x00007ffe25ae0000 - 0x00007ffe25aea000 	C:\WINDOWS\SYSTEM32\VERSION.dll
0x00007ffe33eb0000 - 0x00007ffe33ec2000 	C:\WINDOWS\SYSTEM32\kernel.appcore.dll
0x00007ffe2ed70000 - 0x00007ffe2ed80000 	C:\Program Files\Java\jdk1.8.0_261\jre\bin\verify.dll
0x00007ffe2ecc0000 - 0x00007ffe2eceb000 	C:\Program Files\Java\jdk1.8.0_261\jre\bin\java.dll
0x00007ffe27d40000 - 0x00007ffe27d72000 	C:\Program Files\Java\jdk1.8.0_261\jre\bin\instrument.dll
0x00007ffe2eca0000 - 0x00007ffe2ecb8000 	C:\Program Files\Java\jdk1.8.0_261\jre\bin\zip.dll
0x00007ffe333a0000 - 0x00007ffe33584000 	C:\WINDOWS\SYSTEM32\dbghelp.dll
0x00007ffe35710000 - 0x00007ffe35792000 	C:\WINDOWS\System32\bcryptPrimitives.dll

VM Arguments:
jvm_args: -javaagent:C:\Program Files\JetBrains\IntelliJ IDEA Community Edition 2020.2.1\lib\idea_rt.jar=57339:C:\Program Files\JetBrains\IntelliJ IDEA Community Edition 2020.2.1\bin -Dfile.encoding=UTF-8 
java_command: com.registry.serviceregistry.ServiceRegistryApplication
java_class_path (initial): C:\Program Files\Java\jdk1.8.0_261\jre\lib\charsets.jar;C:\Program Files\Java\jdk1.8.0_261\jre\lib\deploy.jar;C:\Program Files\Java\jdk1.8.0_261\jre\lib\ext\access-bridge-64.jar;C:\Program Files\Java\jdk1.8.0_261\jre\lib\ext\cldrdata.jar;C:\Program Files\Java\jdk1.8.0_261\jre\lib\ext\dnsns.jar;C:\Program Files\Java\jdk1.8.0_261\jre\lib\ext\jaccess.jar;C:\Program Files\Java\jdk1.8.0_261\jre\lib\ext\jfxrt.jar;C:\Program Files\Java\jdk1.8.0_261\jre\lib\ext\localedata.jar;C:\Program Files\Java\jdk1.8.0_261\jre\lib\ext\nashorn.jar;C:\Program Files\Java\jdk1.8.0_261\jre\lib\ext\sunec.jar;C:\Program Files\Java\jdk1.8.0_261\jre\lib\ext\sunjce_provider.jar;C:\Program Files\Java\jdk1.8.0_261\jre\lib\ext\sunmscapi.jar;C:\Program Files\Java\jdk1.8.0_261\jre\lib\ext\sunpkcs11.jar;C:\Program Files\Java\jdk1.8.0_261\jre\lib\ext\zipfs.jar;C:\Program Files\Java\jdk1.8.0_261\jre\lib\javaws.jar;C:\Program Files\Java\jdk1.8.0_261\jre\lib\jce.jar;C:\Program Files\Java\jdk1.8.0_261\jre\lib\jfr.jar;C:\Program Files\Java\jdk1.8.0_261\jre\lib\jfxswt.jar;C:\Program Files\Java\jdk1.8.0_261\jre\lib\jsse.jar;C:\Program Files\Java\jdk1.8.0_261\jre\lib\management-agent.jar;C:\Program Files\Java\jdk1.8.0_261\jre\lib\plugin.jar;C:\Program Files\Java\jdk1.8.0_261\jre\lib\resources.jar;C:\Program Files\Java\jdk1.8.0_261\jre\lib\rt.jar;C:\Users\lkjos\Desktop\service-registry\target\classes;C:\Users\lkjos\.m2\repository\org\springframework\cloud\spring-cloud-starter-netflix-eureka-server\3.1.0\spring-cloud-starter-netflix-eureka-server-3.1.0.jar;C:\Users\lkjos\.m2\repository\org\springframework\cloud\spring-cloud-starter\3.1.0\spring-cloud-starter-3.1.0.jar;C:\Users\lkjos\.m2\repository\org\springframework\cloud\spring-cloud-context\3.1.0\spring-cloud-context-3.1.0.jar;C:\Users\lkjos\.m2\repository\org\springframework\security\spring-security-crypto\5.6.1\spring-security-crypto-5.6.1.jar;C:\Users\lkjos\.m2\repository\org\springframework\cloud\spring-cloud-commons\3.1.0\spri
Launcher Type: SUN_STANDARD

Environment Variables:
JAVA_HOME=C:\Program Files\Java\jdk1.8.0_261
PATH=C:\Program Files (x86)\Common Files\Oracle\Java\javapath;C:\WINDOWS\system32;C:\WINDOWS;C:\WINDOWS\System32\Wbem;C:\WINDOWS\System32\WindowsPowerShell\v1.0\;C:\WINDOWS\System32\OpenSSH\;C:\Users\lkjos\;C:\Users\lkjos\DemoGitRepo\Git\cmd;C:\Program Files\nodejs\;C:\Program Files\MySQL\MySQL Shell 8.0\bin\;C:\Users\lkjos\AppData\Local\Microsoft\WindowsApps;C:\Program Files\Java\jdk1.8.0_261\bin;C:\Users\lkjos;C:\Program Files\apache-maven-3.6.3\bin;C:\Users\lkjos\AppData\Local\GitHubDesktop\bin;C:\Users\lkjos\AppData\Local\Programs\Microsoft VS Code\bin;C:\Users\lkjos\AppData\Roaming\npm;C:\Program Files\MySQL\MySQL Server 8.0\bin;
USERNAME=lkjos
OS=Windows_NT
PROCESSOR_IDENTIFIER=Intel64 Family 6 Model 158 Stepping 9, GenuineIntel



---------------  S Y S T E M  ---------------

OS: Windows 10.0 , 64 bit Build 19041 (10.0.19041.1348)

CPU:total 8 (initial active 8) (4 cores per cpu, 2 threads per core) family 6 model 158 stepping 9, cmov, cx8, fxsr, mmx, sse, sse2, sse3, ssse3, sse4.1, sse4.2, popcnt, avx, avx2, aes, clmul, erms, 3dnowpref, lzcnt, ht, tsc, tscinvbit, bmi1, bmi2, adx

Memory: 4k page, physical 8243596k(1601572k free), swap 9651592k(5132k free)

vm_info: Java HotSpot(TM) 64-Bit Server VM (25.261-b12) for windows-amd64 JRE (1.8.0_261-b12), built on Jun 18 2020 06:56:32 by "" with unknown MS VC++:1916

time: Sun Dec 26 16:07:21 2021
timezone: GMT Standard Time
elapsed time: 0 seconds (0d 0h 0m 0s)

