#
# There is insufficient memory for the Java Runtime Environment to continue.
# Native memory allocation (malloc) failed to allocate 967024 bytes for Chunk::new
# Possible reasons:
#   The system is out of physical RAM or swap space
#   The process is running with CompressedOops enabled, and the Java Heap may be blocking the growth of the native heap
# Possible solutions:
#   Reduce memory load on the system
#   Increase physical memory or swap space
#   Check if swap backing store is full
#   Decrease Java heap size (-Xmx/-Xms)
#   Decrease number of Java threads
#   Decrease Java thread stack sizes (-Xss)
#   Set larger code cache with -XX:ReservedCodeCacheSize=
#   JVM is running with Unscaled Compressed Oops mode in which the Java heap is
#     placed in the first 4GB address space. The Java Heap base address is the
#     maximum limit for the native heap growth. Please use -XX:HeapBaseMinAddress
#     to set the Java Heap base and to place the Java Heap above 4GB virtual address.
# This output file may be truncated or incomplete.
#
#  Out of Memory Error (allocation.cpp:389), pid=13976, tid=0x00000000000013bc
#
# JRE version: Java(TM) SE Runtime Environment (8.0_261-b12) (build 1.8.0_261-b12)
# Java VM: Java HotSpot(TM) 64-Bit Server VM (25.261-b12 mixed mode windows-amd64 compressed oops)
# Failed to write core dump. Minidumps are not enabled by default on client versions of Windows
#

---------------  T H R E A D  ---------------

Current thread (0x00000280e5c10800):  JavaThread "C2 CompilerThread1" daemon [_thread_in_native, id=5052, stack(0x000000d2f2600000,0x000000d2f2700000)]

Stack: [0x000000d2f2600000,0x000000d2f2700000]
Native frames: (J=compiled Java code, j=interpreted, Vv=VM code, C=native code)
V  [jvm.dll+0x33e5f9]
V  [jvm.dll+0x2850e2]
V  [jvm.dll+0x285d8d]
V  [jvm.dll+0x27c895]
V  [jvm.dll+0xe4d6c]
V  [jvm.dll+0xe556c]
V  [jvm.dll+0x47ed35]
V  [jvm.dll+0x446ab8]
V  [jvm.dll+0x44f8f5]
V  [jvm.dll+0x44ecb5]
V  [jvm.dll+0x439bc7]
V  [jvm.dll+0xbbbcb]
V  [jvm.dll+0xba22b]
V  [jvm.dll+0x24d962]
V  [jvm.dll+0x2a1cfc]
C  [ucrtbase.dll+0x21bb2]
C  [KERNEL32.DLL+0x17034]
C  [ntdll.dll+0x52651]


Current CompileTask:
C2:   3040 2571       4       org.springframework.beans.factory.support.AbstractBeanFactory::isTypeMatch (607 bytes)


---------------  P R O C E S S  ---------------

Java Threads: ( => current thread )
  0x00000280e5cc4800 JavaThread "Service Thread" daemon [_thread_blocked, id=13400, stack(0x000000d2f2900000,0x000000d2f2a00000)]
  0x00000280e5c1c000 JavaThread "C1 CompilerThread3" daemon [_thread_blocked, id=16192, stack(0x000000d2f2800000,0x000000d2f2900000)]
  0x00000280e5c1b800 JavaThread "C2 CompilerThread2" daemon [_thread_in_native, id=5496, stack(0x000000d2f2700000,0x000000d2f2800000)]
=>0x00000280e5c10800 JavaThread "C2 CompilerThread1" daemon [_thread_in_native, id=5052, stack(0x000000d2f2600000,0x000000d2f2700000)]
  0x00000280e5ba7000 JavaThread "C2 CompilerThread0" daemon [_thread_in_native, id=4040, stack(0x000000d2f2500000,0x000000d2f2600000)]
  0x00000280e5b92000 JavaThread "Monitor Ctrl-Break" daemon [_thread_in_native, id=11964, stack(0x000000d2f2400000,0x000000d2f2500000)]
  0x00000280e38c6000 JavaThread "Attach Listener" daemon [_thread_blocked, id=16172, stack(0x000000d2f2300000,0x000000d2f2400000)]
  0x00000280e38c5000 JavaThread "Signal Dispatcher" daemon [_thread_blocked, id=3184, stack(0x000000d2f2200000,0x000000d2f2300000)]
  0x00000280e389c000 JavaThread "Finalizer" daemon [_thread_blocked, id=9076, stack(0x000000d2f2100000,0x000000d2f2200000)]
  0x00000280e3894000 JavaThread "Reference Handler" daemon [_thread_blocked, id=16084, stack(0x000000d2f2000000,0x000000d2f2100000)]
  0x00000280cd872000 JavaThread "main" [_thread_in_native, id=11948, stack(0x000000d2f1600000,0x000000d2f1700000)]

Other Threads:
  0x00000280e386c000 VMThread [stack: 0x000000d2f1f00000,0x000000d2f2000000] [id=15720]
  0x00000280e5d73000 WatcherThread [stack: 0x000000d2f2a00000,0x000000d2f2b00000] [id=13136]

VM state:not at safepoint (normal execution)

VM Mutex/Monitor currently owned by a thread: None

heap address: 0x0000000082200000, size: 2014 MB, Compressed Oops mode: 32-bit
Narrow klass base: 0x0000000000000000, Narrow klass shift: 3
Compressed class space size: 1073741824 Address: 0x0000000100000000

Heap:
 PSYoungGen      total 70656K, used 38858K [0x00000000d6100000, 0x00000000dab00000, 0x0000000100000000)
  eden space 65536K, 51% used [0x00000000d6100000,0x00000000d81fa4c8,0x00000000da100000)
  from space 5120K, 99% used [0x00000000da100000,0x00000000da5f8548,0x00000000da600000)
  to   space 5120K, 0% used [0x00000000da600000,0x00000000da600000,0x00000000dab00000)
 ParOldGen       total 48640K, used 7392K [0x0000000082200000, 0x0000000085180000, 0x00000000d6100000)
  object space 48640K, 15% used [0x0000000082200000,0x00000000829383c8,0x0000000085180000)
 Metaspace       used 27051K, capacity 28456K, committed 28800K, reserved 1075200K
  class space    used 3551K, capacity 3846K, committed 3968K, reserved 1048576K

Card table byte_map: [0x00000280de490000,0x00000280de880000] byte_map_base: 0x00000280de07f000

Marking Bits: (ParMarkBitMap*) 0x0000000053134fb0
 Begin Bits: [0x00000280deb20000, 0x00000280e0a98000)
 End Bits:   [0x00000280e0a98000, 0x00000280e2a10000)

Polling page: 0x00000280cd800000

CodeCache: size=245760Kb used=9220Kb max_used=9220Kb free=236539Kb
 bounds [0x00000280cf0d0000, 0x00000280cf9e0000, 0x00000280de0d0000]
 total_blobs=3084 nmethods=2709 adapters=287
 compilation: enabled

Compilation events (10 events):
Event: 3.004 Thread 0x00000280e5c1c000 2711       3       org.springframework.core.type.classreading.SimpleMethodMetadata::hashCode (8 bytes)
Event: 3.004 Thread 0x00000280e5c1c000 nmethod 2711 0x00000280cf9d4650 code [0x00000280cf9d47c0, 0x00000280cf9d49f0]
Event: 3.004 Thread 0x00000280e5c1c000 2712       3       org.springframework.core.type.classreading.SimpleMethodMetadataReadingVisitor$Source::hashCode (43 bytes)
Event: 3.004 Thread 0x00000280e5c1c000 nmethod 2712 0x00000280cf9d4ad0 code [0x00000280cf9d4c60, 0x00000280cf9d5030]
Event: 3.004 Thread 0x00000280e5c1c000 2713       3       org.springframework.core.type.classreading.SimpleAnnotationMetadata::getAnnotatedMethods (78 bytes)
Event: 3.005 Thread 0x00000280e5c1c000 nmethod 2713 0x00000280cf9d5190 code [0x00000280cf9d53a0, 0x00000280cf9d5c50]
Event: 3.005 Thread 0x00000280e5c1c000 2714       3       org.springframework.beans.factory.support.AbstractBeanDefinition::resolveBeanClass (24 bytes)
Event: 3.006 Thread 0x00000280e5c1c000 nmethod 2714 0x00000280cf9d6190 code [0x00000280cf9d6340, 0x00000280cf9d6aa0]
Event: 3.006 Thread 0x00000280e5c1c000 2715       1       org.springframework.context.annotation.ConfigurationClassBeanDefinitionReader$ConfigurationClassBeanDefinition::getFactoryMethodMetadata (5 bytes)
Event: 3.006 Thread 0x00000280e5c1c000 nmethod 2715 0x00000280cf9d6c90 code [0x00000280cf9d6de0, 0x00000280cf9d6ef8]

GC Heap History (10 events):
Event: 1.827 GC heap before
{Heap before GC invocations=4 (full 0):
 PSYoungGen      total 37888K, used 37879K [0x00000000d6100000, 0x00000000dab00000, 0x0000000100000000)
  eden space 32768K, 100% used [0x00000000d6100000,0x00000000d8100000,0x00000000d8100000)
  from space 5120K, 99% used [0x00000000d8100000,0x00000000d85fdc88,0x00000000d8600000)
  to   space 5120K, 0% used [0x00000000da600000,0x00000000da600000,0x00000000dab00000)
 ParOldGen       total 86016K, used 1951K [0x0000000082200000, 0x0000000087600000, 0x00000000d6100000)
  object space 86016K, 2% used [0x0000000082200000,0x00000000823e7f50,0x0000000087600000)
 Metaspace       used 19318K, capacity 20108K, committed 20352K, reserved 1067008K
  class space    used 2429K, capacity 2624K, committed 2688K, reserved 1048576K
Event: 1.835 GC heap after
Heap after GC invocations=4 (full 0):
 PSYoungGen      total 70656K, used 5093K [0x00000000d6100000, 0x00000000dab00000, 0x0000000100000000)
  eden space 65536K, 0% used [0x00000000d6100000,0x00000000d6100000,0x00000000da100000)
  from space 5120K, 99% used [0x00000000da600000,0x00000000daaf94a0,0x00000000dab00000)
  to   space 5120K, 0% used [0x00000000da100000,0x00000000da100000,0x00000000da600000)
 ParOldGen       total 86016K, used 4442K [0x0000000082200000, 0x0000000087600000, 0x00000000d6100000)
  object space 86016K, 5% used [0x0000000082200000,0x0000000082656a38,0x0000000087600000)
 Metaspace       used 19318K, capacity 20108K, committed 20352K, reserved 1067008K
  class space    used 2429K, capacity 2624K, committed 2688K, reserved 1048576K
}
Event: 1.881 GC heap before
{Heap before GC invocations=5 (full 0):
 PSYoungGen      total 70656K, used 13855K [0x00000000d6100000, 0x00000000dab00000, 0x0000000100000000)
  eden space 65536K, 13% used [0x00000000d6100000,0x00000000d698e8a8,0x00000000da100000)
  from space 5120K, 99% used [0x00000000da600000,0x00000000daaf94a0,0x00000000dab00000)
  to   space 5120K, 0% used [0x00000000da100000,0x00000000da100000,0x00000000da600000)
 ParOldGen       total 86016K, used 4442K [0x0000000082200000, 0x0000000087600000, 0x00000000d6100000)
  object space 86016K, 5% used [0x0000000082200000,0x0000000082656a38,0x0000000087600000)
 Metaspace       used 20338K, capacity 21130K, committed 21248K, reserved 1067008K
  class space    used 2570K, capacity 2755K, committed 2816K, reserved 1048576K
Event: 1.886 GC heap after
Heap after GC invocations=5 (full 0):
 PSYoungGen      total 70656K, used 5106K [0x00000000d6100000, 0x00000000dab00000, 0x0000000100000000)
  eden space 65536K, 0% used [0x00000000d6100000,0x00000000d6100000,0x00000000da100000)
  from space 5120K, 99% used [0x00000000da100000,0x00000000da5fc978,0x00000000da600000)
  to   space 5120K, 0% used [0x00000000da600000,0x00000000da600000,0x00000000dab00000)
 ParOldGen       total 86016K, used 4676K [0x0000000082200000, 0x0000000087600000, 0x00000000d6100000)
  object space 86016K, 5% used [0x0000000082200000,0x0000000082691208,0x0000000087600000)
 Metaspace       used 20338K, capacity 21130K, committed 21248K, reserved 1067008K
  class space    used 2570K, capacity 2755K, committed 2816K, reserved 1048576K
}
Event: 1.886 GC heap before
{Heap before GC invocations=6 (full 1):
 PSYoungGen      total 70656K, used 5106K [0x00000000d6100000, 0x00000000dab00000, 0x0000000100000000)
  eden space 65536K, 0% used [0x00000000d6100000,0x00000000d6100000,0x00000000da100000)
  from space 5120K, 99% used [0x00000000da100000,0x00000000da5fc978,0x00000000da600000)
  to   space 5120K, 0% used [0x00000000da600000,0x00000000da600000,0x00000000dab00000)
 ParOldGen       total 86016K, used 4676K [0x0000000082200000, 0x0000000087600000, 0x00000000d6100000)
  object space 86016K, 5% used [0x0000000082200000,0x0000000082691208,0x0000000087600000)
 Metaspace       used 20338K, capacity 21130K, committed 21248K, reserved 1067008K
  class space    used 2570K, capacity 2755K, committed 2816K, reserved 1048576K
Event: 1.907 GC heap after
Heap after GC invocations=6 (full 1):
 PSYoungGen      total 70656K, used 0K [0x00000000d6100000, 0x00000000dab00000, 0x0000000100000000)
  eden space 65536K, 0% used [0x00000000d6100000,0x00000000d6100000,0x00000000da100000)
  from space 5120K, 0% used [0x00000000da100000,0x00000000da100000,0x00000000da600000)
  to   space 5120K, 0% used [0x00000000da600000,0x00000000da600000,0x00000000dab00000)
 ParOldGen       total 48640K, used 5165K [0x0000000082200000, 0x0000000085180000, 0x00000000d6100000)
  object space 48640K, 10% used [0x0000000082200000,0x000000008270b730,0x0000000085180000)
 Metaspace       used 20338K, capacity 21130K, committed 21248K, reserved 1067008K
  class space    used 2570K, capacity 2755K, committed 2816K, reserved 1048576K
}
Event: 2.142 GC heap before
{Heap before GC invocations=7 (full 1):
 PSYoungGen      total 70656K, used 65536K [0x00000000d6100000, 0x00000000dab00000, 0x0000000100000000)
  eden space 65536K, 100% used [0x00000000d6100000,0x00000000da100000,0x00000000da100000)
  from space 5120K, 0% used [0x00000000da100000,0x00000000da100000,0x00000000da600000)
  to   space 5120K, 0% used [0x00000000da600000,0x00000000da600000,0x00000000dab00000)
 ParOldGen       total 48640K, used 5165K [0x0000000082200000, 0x0000000085180000, 0x00000000d6100000)
  object space 48640K, 10% used [0x0000000082200000,0x000000008270b730,0x0000000085180000)
 Metaspace       used 21896K, capacity 22858K, committed 23040K, reserved 1069056K
  class space    used 2744K, capacity 2989K, committed 3072K, reserved 1048576K
Event: 2.144 GC heap after
Heap after GC invocations=7 (full 1):
 PSYoungGen      total 70656K, used 3198K [0x00000000d6100000, 0x00000000dab00000, 0x0000000100000000)
  eden space 65536K, 0% used [0x00000000d6100000,0x00000000d6100000,0x00000000da100000)
  from space 5120K, 62% used [0x00000000da600000,0x00000000da91f808,0x00000000dab00000)
  to   space 5120K, 0% used [0x00000000da100000,0x00000000da100000,0x00000000da600000)
 ParOldGen       total 48640K, used 5173K [0x0000000082200000, 0x0000000085180000, 0x00000000d6100000)
  object space 48640K, 10% used [0x0000000082200000,0x000000008270d730,0x0000000085180000)
 Metaspace       used 21896K, capacity 22858K, committed 23040K, reserved 1069056K
  class space    used 2744K, capacity 2989K, committed 3072K, reserved 1048576K
}
Event: 2.667 GC heap before
{Heap before GC invocations=8 (full 1):
 PSYoungGen      total 70656K, used 68734K [0x00000000d6100000, 0x00000000dab00000, 0x0000000100000000)
  eden space 65536K, 100% used [0x00000000d6100000,0x00000000da100000,0x00000000da100000)
  from space 5120K, 62% used [0x00000000da600000,0x00000000da91f808,0x00000000dab00000)
  to   space 5120K, 0% used [0x00000000da100000,0x00000000da100000,0x00000000da600000)
 ParOldGen       total 48640K, used 5173K [0x0000000082200000, 0x0000000085180000, 0x00000000d6100000)
  object space 48640K, 10% used [0x0000000082200000,0x000000008270d730,0x0000000085180000)
 Metaspace       used 25190K, capacity 26410K, committed 26624K, reserved 1073152K
  class space    used 3243K, capacity 3511K, committed 3584K, reserved 1048576K
Event: 2.673 GC heap after
Heap after GC invocations=8 (full 1):
 PSYoungGen      total 70656K, used 5089K [0x00000000d6100000, 0x00000000dab00000, 0x0000000100000000)
  eden space 65536K, 0% used [0x00000000d6100000,0x00000000d6100000,0x00000000da100000)
  from space 5120K, 99% used [0x00000000da100000,0x00000000da5f8548,0x00000000da600000)
  to   space 5120K, 0% used [0x00000000da600000,0x00000000da600000,0x00000000dab00000)
 ParOldGen       total 48640K, used 7392K [0x0000000082200000, 0x0000000085180000, 0x00000000d6100000)
  object space 48640K, 15% used [0x0000000082200000,0x00000000829383c8,0x0000000085180000)
 Metaspace       used 25190K, capacity 26410K, committed 26624K, reserved 1073152K
  class space    used 3243K, capacity 3511K, committed 3584K, reserved 1048576K
}

Deoptimization events (10 events):
Event: 2.348 Thread 0x00000280cd872000 Uncommon trap: reason=unstable_if action=reinterpret pc=0x00000280cf831850 method=org.springframework.core.annotation.MergedAnnotationsCollection.isMappingForType(Lorg/springframework/core/annotation/AnnotationTypeMapping;Ljava/lang/Object;)Z @ 13
Event: 2.348 Thread 0x00000280cd872000 Uncommon trap: reason=class_check action=maybe_recompile pc=0x00000280cf2ca314 method=java.lang.String.equals(Ljava/lang/Object;)Z @ 8
Event: 2.353 Thread 0x00000280cd872000 Uncommon trap: reason=unstable_if action=reinterpret pc=0x00000280cf7c67ac method=org.springframework.core.annotation.MergedAnnotationsCollection.isMappingForType(Lorg/springframework/core/annotation/AnnotationTypeMapping;Ljava/lang/Object;)Z @ 13
Event: 2.411 Thread 0x00000280cd872000 Uncommon trap: reason=unstable_if action=reinterpret pc=0x00000280cf52e178 method=java.util.Arrays.equals([Ljava/lang/Object;[Ljava/lang/Object;)Z @ 65
Event: 2.492 Thread 0x00000280cd872000 Uncommon trap: reason=unstable_if action=reinterpret pc=0x00000280cf8cfd78 method=org.springframework.beans.factory.support.AbstractBeanFactory.isFactoryBean(Ljava/lang/String;Lorg/springframework/beans/factory/support/RootBeanDefinition;)Z @ 38
Event: 2.541 Thread 0x00000280cd872000 Uncommon trap: reason=unstable_if action=reinterpret pc=0x00000280cf8b304c method=org.springframework.beans.factory.support.AbstractBeanFactory.getMergedLocalBeanDefinition(Ljava/lang/String;)Lorg/springframework/beans/factory/support/RootBeanDefinition; 
Event: 2.542 Thread 0x00000280cd872000 Uncommon trap: reason=unstable_if action=reinterpret pc=0x00000280cf5e91e4 method=java.io.WinNTFileSystem.normalize(Ljava/lang/String;)Ljava/lang/String; @ 128
Event: 2.558 Thread 0x00000280cd872000 Uncommon trap: reason=class_check action=maybe_recompile pc=0x00000280cf764194 method=org.springframework.util.ConcurrentReferenceHashMap$Segment.findInChain(Lorg/springframework/util/ConcurrentReferenceHashMap$Reference;Ljava/lang/Object;I)Lorg/springfra
Event: 2.742 Thread 0x00000280cd872000 Uncommon trap: reason=unstable_if action=reinterpret pc=0x00000280cf8f1178 method=org.springframework.beans.factory.support.AbstractBeanFactory.isTypeMatch(Ljava/lang/String;Lorg/springframework/core/ResolvableType;Z)Z @ 466
Event: 2.835 Thread 0x00000280cd872000 Uncommon trap: reason=unstable_if action=reinterpret pc=0x00000280cf949f98 method=org.springframework.core.ResolvableType$1.isAssignableFrom(Ljava/lang/Class;)Z @ 15

Classes redefined (0 events):
No events

Internal exceptions (10 events):
Event: 1.816 Thread 0x00000280cd872000 Exception <a 'java/lang/ClassNotFoundException': org/springframework/beans/factory/BeanClassLoaderAwareCustomizer> (0x00000000d7dfec28) thrown at [C:\jenkins\workspace\8-2-build-windows-amd64-cygwin\jdk8u261\295\hotspot\src\share\vm\classfile\systemDictio
Event: 1.816 Thread 0x00000280cd872000 Exception <a 'java/lang/ClassNotFoundException': org/springframework/beans/factory/AwareCustomizer> (0x00000000d7e193b0) thrown at [C:\jenkins\workspace\8-2-build-windows-amd64-cygwin\jdk8u261\295\hotspot\src\share\vm\classfile\systemDictionary.cpp, line 
Event: 1.817 Thread 0x00000280cd872000 Exception <a 'java/lang/ClassNotFoundException': org/springframework/context/EnvironmentAwareCustomizer> (0x00000000d7e347b8) thrown at [C:\jenkins\workspace\8-2-build-windows-amd64-cygwin\jdk8u261\295\hotspot\src\share\vm\classfile\systemDictionary.cpp, 
Event: 1.817 Thread 0x00000280cd872000 Exception <a 'java/lang/ClassNotFoundException': org/springframework/beans/factory/AwareCustomizer> (0x00000000d7e4ee20) thrown at [C:\jenkins\workspace\8-2-build-windows-amd64-cygwin\jdk8u261\295\hotspot\src\share\vm\classfile\systemDictionary.cpp, line 
Event: 1.869 Thread 0x00000280e6a6b000 Exception <a 'java/lang/IncompatibleClassChangeError': Found class java.lang.Object, but interface was expected> (0x00000000d65f2c20) thrown at [C:\jenkins\workspace\8-2-build-windows-amd64-cygwin\jdk8u261\295\hotspot\src\share\vm\interpreter\linkResolver
Event: 1.943 Thread 0x00000280cd872000 Exception <a 'java/lang/NoSuchMethodError': java.lang.Object.lambda$or$2(Ljava/util/function/Predicate;Ljava/lang/Object;)Z> (0x00000000d63889b0) thrown at [C:\jenkins\workspace\8-2-build-windows-amd64-cygwin\jdk8u261\295\hotspot\src\share\vm\interpreter\
Event: 2.049 Thread 0x00000280cd872000 Exception <a 'java/lang/IncompatibleClassChangeError': Found class java.lang.Object, but interface was expected> (0x00000000d9711f58) thrown at [C:\jenkins\workspace\8-2-build-windows-amd64-cygwin\jdk8u261\295\hotspot\src\share\vm\interpreter\linkResolver
Event: 2.093 Thread 0x00000280cd872000 Exception <a 'java/lang/NoSuchMethodError': java.lang.Object.lambda$getAllAnnotationAttributes$0(Lorg/springframework/util/MultiValueMap;)Lorg/springframework/util/MultiValueMap;> (0x00000000d9c2add0) thrown at [C:\jenkins\workspace\8-2-build-windows-amd6
Event: 2.093 Thread 0x00000280cd872000 Exception <a 'java/lang/NoSuchMethodError': java.lang.Object.lambda$identity$2(Ljava/lang/Object;)Ljava/lang/Object;> (0x00000000d9c47560) thrown at [C:\jenkins\workspace\8-2-build-windows-amd64-cygwin\jdk8u261\295\hotspot\src\share\vm\interpreter\linkRes
Event: 2.525 Thread 0x00000280cd872000 Exception <a 'java/lang/NoSuchMethodError': java.lang.Object.lambda$getRequiredAttribute$0(Ljava/lang/String;)Ljava/lang/IllegalArgumentException;> (0x00000000d9432760) thrown at [C:\jenkins\workspace\8-2-build-windows-amd64-cygwin\jdk8u261\295\hotspot\sr

Events (10 events):
Event: 3.020 loading class org/springframework/cglib/core/ProcessSwitchCallback
Event: 3.020 loading class org/springframework/cglib/core/ProcessSwitchCallback done
Event: 3.020 loading class org/springframework/cglib/proxy/Enhancer$1
Event: 3.020 loading class org/springframework/cglib/proxy/Enhancer$1 done
Event: 3.021 loading class org/springframework/cglib/core/AbstractClassGenerator$Source
Event: 3.021 loading class org/springframework/cglib/core/AbstractClassGenerator$Source done
Event: 3.021 loading class org/springframework/cglib/proxy/Enhancer$EnhancerKey
Event: 3.021 loading class org/springframework/cglib/proxy/Enhancer$EnhancerKey done
Event: 3.021 loading class org/springframework/cglib/core/KeyFactory
Event: 3.022 loading class org/springframework/cglib/core/KeyFactory done


Dynamic libraries:
0x00007ff74dfd0000 - 0x00007ff74e017000 	C:\Program Files\Java\jdk1.8.0_261\bin\java.exe
0x00007fffe7bb0000 - 0x00007fffe7da5000 	C:\WINDOWS\SYSTEM32\ntdll.dll
0x00007fffe7650000 - 0x00007fffe770e000 	C:\WINDOWS\System32\KERNEL32.DLL
0x00007fffe54f0000 - 0x00007fffe57b8000 	C:\WINDOWS\System32\KERNELBASE.dll
0x00007fffe6cd0000 - 0x00007fffe6d7c000 	C:\WINDOWS\System32\ADVAPI32.dll
0x00007fffe77c0000 - 0x00007fffe785e000 	C:\WINDOWS\System32\msvcrt.dll
0x00007fffe75a0000 - 0x00007fffe763b000 	C:\WINDOWS\System32\sechost.dll
0x00007fffe7a10000 - 0x00007fffe7b3a000 	C:\WINDOWS\System32\RPCRT4.dll
0x00007fffe6370000 - 0x00007fffe6511000 	C:\WINDOWS\System32\USER32.dll
0x00007fffe5ab0000 - 0x00007fffe5ad2000 	C:\WINDOWS\System32\win32u.dll
0x00007fffe6330000 - 0x00007fffe635b000 	C:\WINDOWS\System32\GDI32.dll
0x00007fffe59a0000 - 0x00007fffe5aad000 	C:\WINDOWS\System32\gdi32full.dll
0x00007fffe52c0000 - 0x00007fffe535d000 	C:\WINDOWS\System32\msvcp_win.dll
0x00007fffe57c0000 - 0x00007fffe58c0000 	C:\WINDOWS\System32\ucrtbase.dll
0x00007fffcbf50000 - 0x00007fffcc1ea000 	C:\WINDOWS\WinSxS\amd64_microsoft.windows.common-controls_6595b64144ccf1df_6.0.19041.1110_none_60b5254171f9507e\COMCTL32.dll
0x00007fffe7b40000 - 0x00007fffe7b70000 	C:\WINDOWS\System32\IMM32.DLL
0x00007fffde760000 - 0x00007fffde775000 	C:\Program Files\Java\jdk1.8.0_261\jre\bin\vcruntime140.dll
0x00007fffdc4e0000 - 0x00007fffdc57b000 	C:\Program Files\Java\jdk1.8.0_261\jre\bin\msvcp140.dll
0x0000000052940000 - 0x00000000531ac000 	C:\Program Files\Java\jdk1.8.0_261\jre\bin\server\jvm.dll
0x00007fffe7640000 - 0x00007fffe7648000 	C:\WINDOWS\System32\PSAPI.DLL
0x00007fffd38b0000 - 0x00007fffd38d7000 	C:\WINDOWS\SYSTEM32\WINMM.dll
0x00007fffd6510000 - 0x00007fffd651a000 	C:\WINDOWS\SYSTEM32\VERSION.dll
0x00007fffcf860000 - 0x00007fffcf869000 	C:\WINDOWS\SYSTEM32\WSOCK32.dll
0x00007fffe6980000 - 0x00007fffe69eb000 	C:\WINDOWS\System32\WS2_32.dll
0x00007fffe3b90000 - 0x00007fffe3ba2000 	C:\WINDOWS\SYSTEM32\kernel.appcore.dll
0x00007fffdc4d0000 - 0x00007fffdc4e0000 	C:\Program Files\Java\jdk1.8.0_261\jre\bin\verify.dll
0x00007fffdc4a0000 - 0x00007fffdc4cb000 	C:\Program Files\Java\jdk1.8.0_261\jre\bin\java.dll
0x00007fffdce80000 - 0x00007fffdceb2000 	C:\Program Files\Java\jdk1.8.0_261\jre\bin\instrument.dll
0x00007fffdc480000 - 0x00007fffdc498000 	C:\Program Files\Java\jdk1.8.0_261\jre\bin\zip.dll
0x00007fffe6d80000 - 0x00007fffe74c4000 	C:\WINDOWS\System32\SHELL32.dll
0x00007fffe3390000 - 0x00007fffe3b24000 	C:\WINDOWS\SYSTEM32\windows.storage.dll
0x00007fffe6530000 - 0x00007fffe6885000 	C:\WINDOWS\System32\combase.dll
0x00007fffe4ca0000 - 0x00007fffe4cce000 	C:\WINDOWS\SYSTEM32\Wldp.dll
0x00007fffe5d20000 - 0x00007fffe5dcd000 	C:\WINDOWS\System32\SHCORE.dll
0x00007fffe6890000 - 0x00007fffe68e5000 	C:\WINDOWS\System32\shlwapi.dll
0x00007fffe5200000 - 0x00007fffe521f000 	C:\WINDOWS\SYSTEM32\profapi.dll
0x00007fffdce60000 - 0x00007fffdce7a000 	C:\Program Files\JetBrains\IntelliJ IDEA Community Edition 2020.2.1\bin\breakgen64.dll
0x00007fffdc460000 - 0x00007fffdc47c000 	C:\Program Files\Java\jdk1.8.0_261\jre\bin\net.dll
0x00007fffe49a0000 - 0x00007fffe4a0a000 	C:\WINDOWS\system32\mswsock.dll
0x00007fffe4690000 - 0x00007fffe46cb000 	C:\WINDOWS\SYSTEM32\IPHLPAPI.DLL
0x00007fffe6520000 - 0x00007fffe6528000 	C:\WINDOWS\System32\NSI.dll
0x00007fffd8340000 - 0x00007fffd8357000 	C:\WINDOWS\SYSTEM32\dhcpcsvc6.DLL
0x00007fffda560000 - 0x00007fffda57d000 	C:\WINDOWS\SYSTEM32\dhcpcsvc.DLL
0x00007fffe46d0000 - 0x00007fffe479b000 	C:\WINDOWS\SYSTEM32\DNSAPI.dll
0x0000000053bf0000 - 0x0000000053c16000 	C:\Program Files\Bonjour\mdnsNSP.dll
0x00007fffdbe60000 - 0x00007fffdbe6a000 	C:\Windows\System32\rasadhlp.dll
0x00007fffd6560000 - 0x00007fffd65df000 	C:\WINDOWS\System32\fwpuclnt.dll
0x00007fffe54c0000 - 0x00007fffe54e7000 	C:\WINDOWS\System32\bcrypt.dll
0x00007fffded30000 - 0x00007fffded3d000 	C:\Program Files\Java\jdk1.8.0_261\jre\bin\management.dll
0x00007fffc22c0000 - 0x00007fffc22d7000 	C:\WINDOWS\system32\napinsp.dll
0x00007fffc22a0000 - 0x00007fffc22bb000 	C:\WINDOWS\system32\pnrpnsp.dll
0x00007fffdf9f0000 - 0x00007fffdfa05000 	C:\WINDOWS\system32\wshbth.dll
0x00007fffe0630000 - 0x00007fffe064d000 	C:\WINDOWS\system32\NLAapi.dll
0x00007fffc2280000 - 0x00007fffc2292000 	C:\WINDOWS\System32\winrnr.dll
0x00007fffdc440000 - 0x00007fffdc453000 	C:\Program Files\Java\jdk1.8.0_261\jre\bin\nio.dll
0x00007fffe3060000 - 0x00007fffe3244000 	C:\WINDOWS\SYSTEM32\dbghelp.dll
0x00007fffe58c0000 - 0x00007fffe5942000 	C:\WINDOWS\System32\bcryptPrimitives.dll

VM Arguments:
jvm_args: -javaagent:C:\Program Files\JetBrains\IntelliJ IDEA Community Edition 2020.2.1\lib\idea_rt.jar=49994:C:\Program Files\JetBrains\IntelliJ IDEA Community Edition 2020.2.1\bin -Dfile.encoding=UTF-8 
java_command: com.springboot.data.DataApplication
java_class_path (initial): C:\Program Files\Java\jdk1.8.0_261\jre\lib\charsets.jar;C:\Program Files\Java\jdk1.8.0_261\jre\lib\deploy.jar;C:\Program Files\Java\jdk1.8.0_261\jre\lib\ext\access-bridge-64.jar;C:\Program Files\Java\jdk1.8.0_261\jre\lib\ext\cldrdata.jar;C:\Program Files\Java\jdk1.8.0_261\jre\lib\ext\dnsns.jar;C:\Program Files\Java\jdk1.8.0_261\jre\lib\ext\jaccess.jar;C:\Program Files\Java\jdk1.8.0_261\jre\lib\ext\jfxrt.jar;C:\Program Files\Java\jdk1.8.0_261\jre\lib\ext\localedata.jar;C:\Program Files\Java\jdk1.8.0_261\jre\lib\ext\nashorn.jar;C:\Program Files\Java\jdk1.8.0_261\jre\lib\ext\sunec.jar;C:\Program Files\Java\jdk1.8.0_261\jre\lib\ext\sunjce_provider.jar;C:\Program Files\Java\jdk1.8.0_261\jre\lib\ext\sunmscapi.jar;C:\Program Files\Java\jdk1.8.0_261\jre\lib\ext\sunpkcs11.jar;C:\Program Files\Java\jdk1.8.0_261\jre\lib\ext\zipfs.jar;C:\Program Files\Java\jdk1.8.0_261\jre\lib\javaws.jar;C:\Program Files\Java\jdk1.8.0_261\jre\lib\jce.jar;C:\Program Files\Java\jdk1.8.0_261\jre\lib\jfr.jar;C:\Program Files\Java\jdk1.8.0_261\jre\lib\jfxswt.jar;C:\Program Files\Java\jdk1.8.0_261\jre\lib\jsse.jar;C:\Program Files\Java\jdk1.8.0_261\jre\lib\management-agent.jar;C:\Program Files\Java\jdk1.8.0_261\jre\lib\plugin.jar;C:\Program Files\Java\jdk1.8.0_261\jre\lib\resources.jar;C:\Program Files\Java\jdk1.8.0_261\jre\lib\rt.jar;C:\Users\lkjos\Desktop\data\target\classes;C:\Users\lkjos\.m2\repository\org\springframework\boot\spring-boot-starter-data-jpa\2.6.2\spring-boot-starter-data-jpa-2.6.2.jar;C:\Users\lkjos\.m2\repository\org\springframework\boot\spring-boot-starter-aop\2.6.2\spring-boot-starter-aop-2.6.2.jar;C:\Users\lkjos\.m2\repository\org\springframework\spring-aop\5.3.14\spring-aop-5.3.14.jar;C:\Users\lkjos\.m2\repository\org\aspectj\aspectjweaver\1.9.7\aspectjweaver-1.9.7.jar;C:\Users\lkjos\.m2\repository\org\springframework\boot\spring-boot-starter-jdbc\2.6.2\spring-boot-starter-jdbc-2.6.2.jar;C:\Users\lkjos\.m2\repository\com\zaxxer\HikariCP\4.0.3\Hikar
Launcher Type: SUN_STANDARD

Environment Variables:
JAVA_HOME=C:\Program Files\Java\jdk1.8.0_261
PATH=C:\Program Files (x86)\Common Files\Oracle\Java\javapath;C:\WINDOWS\system32;C:\WINDOWS;C:\WINDOWS\System32\Wbem;C:\WINDOWS\System32\WindowsPowerShell\v1.0\;C:\WINDOWS\System32\OpenSSH\;C:\Users\lkjos\;C:\Users\lkjos\DemoGitRepo\Git\cmd;C:\Program Files\nodejs\;C:\Program Files\MySQL\MySQL Shell 8.0\bin\;C:\Users\lkjos\AppData\Local\Microsoft\WindowsApps;C:\Program Files\Java\jdk1.8.0_261\bin;C:\Users\lkjos;C:\Program Files\apache-maven-3.6.3\bin;C:\Users\lkjos\AppData\Local\GitHubDesktop\bin;C:\Users\lkjos\AppData\Local\Programs\Microsoft VS Code\bin;C:\Users\lkjos\AppData\Roaming\npm;C:\Program Files\MySQL\MySQL Server 8.0\bin;
USERNAME=lkjos
OS=Windows_NT
PROCESSOR_IDENTIFIER=Intel64 Family 6 Model 158 Stepping 9, GenuineIntel



---------------  S Y S T E M  ---------------

OS: Windows 10.0 , 64 bit Build 19041 (10.0.19041.1348)

CPU:total 8 (initial active 8) (4 cores per cpu, 2 threads per core) family 6 model 158 stepping 9, cmov, cx8, fxsr, mmx, sse, sse2, sse3, ssse3, sse4.1, sse4.2, popcnt, avx, avx2, aes, clmul, erms, 3dnowpref, lzcnt, ht, tsc, tscinvbit, bmi1, bmi2, adx

Memory: 4k page, physical 8243596k(1171072k free), swap 9651592k(5132k free)

vm_info: Java HotSpot(TM) 64-Bit Server VM (25.261-b12) for windows-amd64 JRE (1.8.0_261-b12), built on Jun 18 2020 06:56:32 by "" with unknown MS VC++:1916

time: Sun Dec 26 16:19:47 2021
timezone: GMT Standard Time
elapsed time: 3 seconds (0d 0h 0m 3s)

