#
# There is insufficient memory for the Java Runtime Environment to continue.
# Native memory allocation (malloc) failed to allocate 34096 bytes for Chunk::new
# Possible reasons:
#   The system is out of physical RAM or swap space
#   The process is running with CompressedOops enabled, and the Java Heap may be blocking the growth of the native heap
# Possible solutions:
#   Reduce memory load on the system
#   Increase physical memory or swap space
#   Check if swap backing store is full
#   Decrease Java heap size (-Xmx/-Xms)
#   Decrease number of Java threads
#   Decrease Java thread stack sizes (-Xss)
#   Set larger code cache with -XX:ReservedCodeCacheSize=
#   JVM is running with Unscaled Compressed Oops mode in which the Java heap is
#     placed in the first 4GB address space. The Java Heap base address is the
#     maximum limit for the native heap growth. Please use -XX:HeapBaseMinAddress
#     to set the Java Heap base and to place the Java Heap above 4GB virtual address.
# This output file may be truncated or incomplete.
#
#  Out of Memory Error (./src/hotspot/share/memory/arena.cpp:197), pid=10864, tid=8332
#
# JRE version: OpenJDK Runtime Environment JBR-11.0.8.10-944.34-jcef (11.0.8+10) (build 11.0.8+10-b944.34)
# Java VM: OpenJDK 64-Bit Server VM JBR-11.0.8.10-944.34-jcef (11.0.8+10-b944.34, mixed mode, tiered, compressed oops, g1 gc, windows-amd64)
# No core dump will be written. Minidumps are not enabled by default on client versions of Windows
#

---------------  S U M M A R Y ------------

Command Line: C:\Users\lkjos\AppData\Roaming\JetBrains\IdeaIC2020.2\plugins\idea-spring-tools\lib\server\language-server.jar

Host: Intel(R) Core(TM) i7-7700HQ CPU @ 2.80GHz, 8 cores, 7G,  Windows 10 , 64 bit Build 19041 (10.0.19041.1348)
Time: Sun Dec 26 10:40:03 2021 GMT Standard Time elapsed time: 1033 seconds (0d 0h 17m 13s)

---------------  T H R E A D  ---------------

Current thread (0x000001fe7f98a000):  JavaThread "C2 CompilerThread0" daemon [_thread_in_native, id=8332, stack(0x0000007bbab00000,0x0000007bbac00000)]


Current CompileTask:
C2:1033990 4259       4       java.lang.Integer::getChars (131 bytes)

Stack: [0x0000007bbab00000,0x0000007bbac00000]
Native frames: (J=compiled Java code, j=interpreted, Vv=VM code, C=native code)
V  [jvm.dll+0x5de35a]
V  [jvm.dll+0x712355]
V  [jvm.dll+0x7138ad]
V  [jvm.dll+0x713f63]
V  [jvm.dll+0x23e628]
V  [jvm.dll+0xb8bcc]
V  [jvm.dll+0xb90cc]
V  [jvm.dll+0x2b1f04]
V  [jvm.dll+0x501eb8]
V  [jvm.dll+0x1f8cd6]
V  [jvm.dll+0x1f673f]
V  [jvm.dll+0x17f40c]
V  [jvm.dll+0x204ee7]
V  [jvm.dll+0x203731]
V  [jvm.dll+0x6dab8f]
V  [jvm.dll+0x6d36e5]
V  [jvm.dll+0x5dd306]
C  [ucrtbase.dll+0x21bb2]
C  [KERNEL32.DLL+0x17034]
C  [ntdll.dll+0x52651]


---------------  P R O C E S S  ---------------

Threads class SMR info:
_java_thread_list=0x000001fe072a8d70, length=18, elements={
0x000001fe7f806800, 0x000001fe7f808000, 0x000001fe7f986800, 0x000001fe7f988000,
0x000001fe7f98a000, 0x000001fe7f98d000, 0x000001fe7f82d000, 0x000001fe7fac5800,
0x000001fe7fad8000, 0x000001fe0861b000, 0x000001fe0783e800, 0x000001fe07841800,
0x000001fe0783d800, 0x000001fe0783d000, 0x000001fe0783f000, 0x000001fe07842800,
0x000001fe07840000, 0x000001fe07841000
}

Java Threads: ( => current thread )
  0x000001fe7f806800 JavaThread "Reference Handler" daemon [_thread_blocked, id=14912, stack(0x0000007bba700000,0x0000007bba800000)]
  0x000001fe7f808000 JavaThread "Finalizer" daemon [_thread_blocked, id=9200, stack(0x0000007bba800000,0x0000007bba900000)]
  0x000001fe7f986800 JavaThread "Signal Dispatcher" daemon [_thread_blocked, id=13948, stack(0x0000007bba900000,0x0000007bbaa00000)]
  0x000001fe7f988000 JavaThread "Attach Listener" daemon [_thread_blocked, id=7580, stack(0x0000007bbaa00000,0x0000007bbab00000)]
=>0x000001fe7f98a000 JavaThread "C2 CompilerThread0" daemon [_thread_in_native, id=8332, stack(0x0000007bbab00000,0x0000007bbac00000)]
  0x000001fe7f98d000 JavaThread "C1 CompilerThread0" daemon [_thread_blocked, id=12760, stack(0x0000007bbac00000,0x0000007bbad00000)]
  0x000001fe7f82d000 JavaThread "Sweeper thread" daemon [_thread_blocked, id=16128, stack(0x0000007bbad00000,0x0000007bbae00000)]
  0x000001fe7fac5800 JavaThread "Service Thread" daemon [_thread_blocked, id=2388, stack(0x0000007bbae00000,0x0000007bbaf00000)]
  0x000001fe7fad8000 JavaThread "Common-Cleaner" daemon [_thread_blocked, id=6988, stack(0x0000007bbb000000,0x0000007bbb100000)]
  0x000001fe0861b000 JavaThread "ForkJoinPool.commonPool-worker-3" daemon [_thread_blocked, id=17612, stack(0x0000007bbb200000,0x0000007bbb300000)]
  0x000001fe0783e800 JavaThread "Simple-Language-Server main thread" daemon [_thread_blocked, id=6748, stack(0x0000007bbb100000,0x0000007bbb200000)]
  0x000001fe07841800 JavaThread "LanguageServerApp-lifecycle" [_thread_blocked, id=18104, stack(0x0000007bbbc00000,0x0000007bbbd00000)]
  0x000001fe0783d800 JavaThread "DestroyJavaVM" [_thread_blocked, id=16892, stack(0x0000007bba000000,0x0000007bba100000)]
  0x000001fe0783d000 JavaThread "pool-4-thread-1" [_thread_in_native, id=8052, stack(0x0000007bbbf00000,0x0000007bbc000000)]
  0x000001fe0783f000 JavaThread "pool-5-thread-1" [_thread_blocked, id=656, stack(0x0000007bbc000000,0x0000007bbc100000)]
  0x000001fe07842800 JavaThread "parallel-1" daemon [_thread_blocked, id=18332, stack(0x0000007bbc200000,0x0000007bbc300000)]
  0x000001fe07840000 JavaThread "Reconciler-1" daemon [_thread_blocked, id=1104, stack(0x0000007bbbe00000,0x0000007bbbf00000)]
  0x000001fe07841000 JavaThread "pool-2-thread-1" [_thread_blocked, id=15876, stack(0x0000007bbc100000,0x0000007bbc200000)]

Other Threads:
  0x000001fe7f801000 VMThread "VM Thread" [stack: 0x0000007bba600000,0x0000007bba700000] [id=1656]
  0x000001fe7fad6800 WatcherThread [stack: 0x0000007bbaf00000,0x0000007bbb000000] [id=4588]
  0x000001fe6af62800 GCTaskThread "GC Thread#0" [stack: 0x0000007bba100000,0x0000007bba200000] [id=5216]
  0x000001fe06825000 GCTaskThread "GC Thread#1" [stack: 0x0000007bbb300000,0x0000007bbb400000] [id=15992]
  0x000001fe06a6a800 GCTaskThread "GC Thread#2" [stack: 0x0000007bbb400000,0x0000007bbb500000] [id=11340]
  0x000001fe08b09800 GCTaskThread "GC Thread#3" [stack: 0x0000007bbbd00000,0x0000007bbbe00000] [id=14136]
  0x000001fe06cf8000 GCTaskThread "GC Thread#4" [stack: 0x0000007bbc500000,0x0000007bbc600000] [id=10884]
  0x000001fe06cd0800 GCTaskThread "GC Thread#5" [stack: 0x0000007bbc600000,0x0000007bbc700000] [id=10160]
  0x000001fe08267000 GCTaskThread "GC Thread#6" [stack: 0x0000007bbc700000,0x0000007bbc800000] [id=7656]
  0x000001fe08268000 GCTaskThread "GC Thread#7" [stack: 0x0000007bbc800000,0x0000007bbc900000] [id=8076]
  0x000001fe6af90800 ConcurrentGCThread "G1 Main Marker" [stack: 0x0000007bba200000,0x0000007bba300000] [id=11656]
  0x000001fe6af92000 ConcurrentGCThread "G1 Conc#0" [stack: 0x0000007bba300000,0x0000007bba400000] [id=148]
  0x000001fe07e5b800 ConcurrentGCThread "G1 Conc#1" [stack: 0x0000007bbbb00000,0x0000007bbbc00000] [id=12412]
  0x000001fe7f650800 ConcurrentGCThread "G1 Refine#0" [stack: 0x0000007bba400000,0x0000007bba500000] [id=4532]
  0x000001fe6b021000 ConcurrentGCThread "G1 Young RemSet Sampling" [stack: 0x0000007bba500000,0x0000007bba600000] [id=9284]

Threads with active compile tasks:
C2 CompilerThread01034052 4259       4       java.lang.Integer::getChars (131 bytes)

VM state:not at safepoint (normal execution)

VM Mutex/Monitor currently owned by a thread: None

Heap address: 0x0000000082200000, size: 2014 MB, Compressed Oops mode: 32-bit
Narrow klass base: 0x0000000000000000, Narrow klass shift: 3
Compressed class space size: 1073741824 Address: 0x0000000100000000

Heap:
 garbage-first heap   total 155648K, used 59110K [0x0000000082200000, 0x0000000100000000)
  region size 1024K, 38 young (38912K), 4 survivors (4096K)
 Metaspace       used 41470K, capacity 42478K, committed 42624K, reserved 1087488K
  class space    used 4632K, capacity 4984K, committed 4992K, reserved 1048576K
Heap Regions: E=young(eden), S=young(survivor), O=old, HS=humongous(starts), HC=humongous(continues), CS=collection set, F=free, A=archive, TAMS=top-at-mark-start (previous, next)
|   0|0x0000000082200000, 0x0000000082300000, 0x0000000082300000|100%| O|  |TAMS 0x0000000082300000, 0x0000000082200000| Untracked 
|   1|0x0000000082300000, 0x0000000082400000, 0x0000000082400000|100%| O|  |TAMS 0x0000000082400000, 0x0000000082300000| Untracked 
|   2|0x0000000082400000, 0x0000000082500000, 0x0000000082500000|100%| O|  |TAMS 0x0000000082500000, 0x0000000082400000| Untracked 
|   3|0x0000000082500000, 0x0000000082600000, 0x0000000082600000|100%| O|  |TAMS 0x0000000082600000, 0x0000000082500000| Untracked 
|   4|0x0000000082600000, 0x0000000082700000, 0x0000000082700000|100%| O|  |TAMS 0x0000000082700000, 0x0000000082600000| Untracked 
|   5|0x0000000082700000, 0x0000000082800000, 0x0000000082800000|100%| O|  |TAMS 0x0000000082800000, 0x0000000082700000| Untracked 
|   6|0x0000000082800000, 0x0000000082900000, 0x0000000082900000|100%|HS|  |TAMS 0x0000000082900000, 0x0000000082800000| Complete 
|   7|0x0000000082900000, 0x0000000082a00000, 0x0000000082a00000|100%|HS|  |TAMS 0x0000000082a00000, 0x0000000082900000| Complete 
|   8|0x0000000082a00000, 0x0000000082b00000, 0x0000000082b00000|100%|HC|  |TAMS 0x0000000082b00000, 0x0000000082a00000| Complete 
|   9|0x0000000082b00000, 0x0000000082c00000, 0x0000000082c00000|100%| O|  |TAMS 0x0000000082c00000, 0x0000000082b00000| Untracked 
|  10|0x0000000082c00000, 0x0000000082d00000, 0x0000000082d00000|100%| O|  |TAMS 0x0000000082d00000, 0x0000000082c00000| Untracked 
|  11|0x0000000082d00000, 0x0000000082e00000, 0x0000000082e00000|100%| O|  |TAMS 0x0000000082e00000, 0x0000000082d00000| Untracked 
|  12|0x0000000082e00000, 0x0000000082f00000, 0x0000000082f00000|100%|HS|  |TAMS 0x0000000082f00000, 0x0000000082e00000| Complete 
|  13|0x0000000082f00000, 0x0000000083000000, 0x0000000083000000|100%| O|  |TAMS 0x0000000083000000, 0x0000000082f00000| Untracked 
|  14|0x0000000083000000, 0x0000000083100000, 0x0000000083100000|100%| O|  |TAMS 0x0000000083100000, 0x0000000083000000| Untracked 
|  15|0x0000000083100000, 0x0000000083200000, 0x0000000083200000|100%| O|  |TAMS 0x0000000083200000, 0x0000000083100000| Untracked 
|  16|0x0000000083200000, 0x0000000083300000, 0x0000000083300000|100%| O|  |TAMS 0x0000000083300000, 0x0000000083200000| Untracked 
|  17|0x0000000083300000, 0x0000000083400000, 0x0000000083400000|100%| O|  |TAMS 0x0000000083400000, 0x0000000083300000| Untracked 
|  18|0x0000000083400000, 0x0000000083500000, 0x0000000083500000|100%| O|  |TAMS 0x0000000083464a00, 0x0000000083400000| Untracked 
|  19|0x0000000083500000, 0x0000000083600000, 0x0000000083600000|100%| O|  |TAMS 0x0000000083500000, 0x0000000083500000| Untracked 
|  20|0x0000000083600000, 0x0000000083700000, 0x0000000083700000|100%| O|  |TAMS 0x0000000083600000, 0x0000000083600000| Untracked 
|  21|0x0000000083700000, 0x000000008376e600, 0x0000000083800000| 43%| O|  |TAMS 0x0000000083700000, 0x0000000083700000| Untracked 
|  22|0x0000000083800000, 0x0000000083800000, 0x0000000083900000|  0%| F|  |TAMS 0x0000000083800000, 0x0000000083800000| Untracked 
|  23|0x0000000083900000, 0x0000000083900000, 0x0000000083a00000|  0%| F|  |TAMS 0x0000000083900000, 0x0000000083900000| Untracked 
|  24|0x0000000083a00000, 0x0000000083a00000, 0x0000000083b00000|  0%| F|  |TAMS 0x0000000083a00000, 0x0000000083a00000| Untracked 
|  25|0x0000000083b00000, 0x0000000083b00000, 0x0000000083c00000|  0%| F|  |TAMS 0x0000000083b00000, 0x0000000083b00000| Untracked 
|  26|0x0000000083c00000, 0x0000000083c00000, 0x0000000083d00000|  0%| F|  |TAMS 0x0000000083c00000, 0x0000000083c00000| Untracked 
|  27|0x0000000083d00000, 0x0000000083d00000, 0x0000000083e00000|  0%| F|  |TAMS 0x0000000083d00000, 0x0000000083d00000| Untracked 
|  28|0x0000000083e00000, 0x0000000083e00000, 0x0000000083f00000|  0%| F|  |TAMS 0x0000000083e00000, 0x0000000083e00000| Untracked 
|  29|0x0000000083f00000, 0x0000000083f00000, 0x0000000084000000|  0%| F|  |TAMS 0x0000000083f00000, 0x0000000083f00000| Untracked 
|  30|0x0000000084000000, 0x0000000084000000, 0x0000000084100000|  0%| F|  |TAMS 0x0000000084000000, 0x0000000084000000| Untracked 
|  31|0x0000000084100000, 0x0000000084100000, 0x0000000084200000|  0%| F|  |TAMS 0x0000000084100000, 0x0000000084100000| Untracked 
|  32|0x0000000084200000, 0x0000000084200000, 0x0000000084300000|  0%| F|  |TAMS 0x0000000084200000, 0x0000000084200000| Untracked 
|  33|0x0000000084300000, 0x0000000084300000, 0x0000000084400000|  0%| F|  |TAMS 0x0000000084300000, 0x0000000084300000| Untracked 
|  34|0x0000000084400000, 0x0000000084400000, 0x0000000084500000|  0%| F|  |TAMS 0x0000000084400000, 0x0000000084400000| Untracked 
|  35|0x0000000084500000, 0x0000000084500000, 0x0000000084600000|  0%| F|  |TAMS 0x0000000084500000, 0x0000000084500000| Untracked 
|  36|0x0000000084600000, 0x0000000084600000, 0x0000000084700000|  0%| F|  |TAMS 0x0000000084600000, 0x0000000084600000| Untracked 
|  37|0x0000000084700000, 0x0000000084700000, 0x0000000084800000|  0%| F|  |TAMS 0x0000000084700000, 0x0000000084700000| Untracked 
|  38|0x0000000084800000, 0x0000000084800000, 0x0000000084900000|  0%| F|  |TAMS 0x0000000084800000, 0x0000000084800000| Untracked 
|  39|0x0000000084900000, 0x0000000084900000, 0x0000000084a00000|  0%| F|  |TAMS 0x0000000084900000, 0x0000000084900000| Untracked 
|  40|0x0000000084a00000, 0x0000000084a00000, 0x0000000084b00000|  0%| F|  |TAMS 0x0000000084a00000, 0x0000000084a00000| Untracked 
|  41|0x0000000084b00000, 0x0000000084b00000, 0x0000000084c00000|  0%| F|  |TAMS 0x0000000084b00000, 0x0000000084b00000| Untracked 
|  42|0x0000000084c00000, 0x0000000084c00000, 0x0000000084d00000|  0%| F|  |TAMS 0x0000000084c00000, 0x0000000084c00000| Untracked 
|  43|0x0000000084d00000, 0x0000000084d00000, 0x0000000084e00000|  0%| F|  |TAMS 0x0000000084d00000, 0x0000000084d00000| Untracked 
|  44|0x0000000084e00000, 0x0000000084e00000, 0x0000000084f00000|  0%| F|  |TAMS 0x0000000084e00000, 0x0000000084e00000| Untracked 
|  45|0x0000000084f00000, 0x0000000084f00000, 0x0000000085000000|  0%| F|  |TAMS 0x0000000084f00000, 0x0000000084f00000| Untracked 
|  46|0x0000000085000000, 0x0000000085000000, 0x0000000085100000|  0%| F|  |TAMS 0x0000000085000000, 0x0000000085000000| Untracked 
|  47|0x0000000085100000, 0x0000000085100000, 0x0000000085200000|  0%| F|  |TAMS 0x0000000085100000, 0x0000000085100000| Untracked 
|  48|0x0000000085200000, 0x0000000085200000, 0x0000000085300000|  0%| F|  |TAMS 0x0000000085200000, 0x0000000085200000| Untracked 
|  49|0x0000000085300000, 0x0000000085300000, 0x0000000085400000|  0%| F|  |TAMS 0x0000000085300000, 0x0000000085300000| Untracked 
|  50|0x0000000085400000, 0x0000000085400000, 0x0000000085500000|  0%| F|  |TAMS 0x0000000085400000, 0x0000000085400000| Untracked 
|  51|0x0000000085500000, 0x0000000085500000, 0x0000000085600000|  0%| F|  |TAMS 0x0000000085500000, 0x0000000085500000| Untracked 
|  52|0x0000000085600000, 0x0000000085600000, 0x0000000085700000|  0%| F|  |TAMS 0x0000000085600000, 0x0000000085600000| Untracked 
|  53|0x0000000085700000, 0x0000000085700000, 0x0000000085800000|  0%| F|  |TAMS 0x0000000085700000, 0x0000000085700000| Untracked 
|  54|0x0000000085800000, 0x0000000085800000, 0x0000000085900000|  0%| F|  |TAMS 0x0000000085800000, 0x0000000085800000| Untracked 
|  55|0x0000000085900000, 0x0000000085900000, 0x0000000085a00000|  0%| F|  |TAMS 0x0000000085900000, 0x0000000085900000| Untracked 
|  56|0x0000000085a00000, 0x0000000085a00000, 0x0000000085b00000|  0%| F|  |TAMS 0x0000000085a00000, 0x0000000085a00000| Untracked 
|  57|0x0000000085b00000, 0x0000000085b4b260, 0x0000000085c00000| 29%| S|CS|TAMS 0x0000000085b00000, 0x0000000085b00000| Complete 
|  58|0x0000000085c00000, 0x0000000085d00000, 0x0000000085d00000|100%| S|CS|TAMS 0x0000000085c00000, 0x0000000085c00000| Complete 
|  59|0x0000000085d00000, 0x0000000085e00000, 0x0000000085e00000|100%| S|CS|TAMS 0x0000000085d00000, 0x0000000085d00000| Complete 
|  60|0x0000000085e00000, 0x0000000085f00000, 0x0000000085f00000|100%| S|CS|TAMS 0x0000000085e00000, 0x0000000085e00000| Complete 
|  61|0x0000000085f00000, 0x0000000085f00000, 0x0000000086000000|  0%| F|  |TAMS 0x0000000085f00000, 0x0000000085f00000| Untracked 
|  62|0x0000000086000000, 0x0000000086000000, 0x0000000086100000|  0%| F|  |TAMS 0x0000000086000000, 0x0000000086000000| Untracked 
|  63|0x0000000086100000, 0x0000000086100000, 0x0000000086200000|  0%| F|  |TAMS 0x0000000086100000, 0x0000000086100000| Untracked 
|  64|0x0000000086200000, 0x0000000086200000, 0x0000000086300000|  0%| F|  |TAMS 0x0000000086200000, 0x0000000086200000| Untracked 
|  65|0x0000000086300000, 0x0000000086300000, 0x0000000086400000|  0%| F|  |TAMS 0x0000000086300000, 0x0000000086300000| Untracked 
|  66|0x0000000086400000, 0x0000000086400000, 0x0000000086500000|  0%| F|  |TAMS 0x0000000086400000, 0x0000000086400000| Untracked 
|  67|0x0000000086500000, 0x0000000086500000, 0x0000000086600000|  0%| F|  |TAMS 0x0000000086500000, 0x0000000086500000| Untracked 
|  68|0x0000000086600000, 0x0000000086600000, 0x0000000086700000|  0%| F|  |TAMS 0x0000000086600000, 0x0000000086600000| Untracked 
|  69|0x0000000086700000, 0x0000000086700000, 0x0000000086800000|  0%| F|  |TAMS 0x0000000086700000, 0x0000000086700000| Untracked 
|  70|0x0000000086800000, 0x0000000086800000, 0x0000000086900000|  0%| F|  |TAMS 0x0000000086800000, 0x0000000086800000| Untracked 
|  71|0x0000000086900000, 0x0000000086900000, 0x0000000086a00000|  0%| F|  |TAMS 0x0000000086900000, 0x0000000086900000| Untracked 
|  72|0x0000000086a00000, 0x0000000086a00000, 0x0000000086b00000|  0%| F|  |TAMS 0x0000000086a00000, 0x0000000086a00000| Untracked 
|  73|0x0000000086b00000, 0x0000000086b00000, 0x0000000086c00000|  0%| F|  |TAMS 0x0000000086b00000, 0x0000000086b00000| Untracked 
|  74|0x0000000086c00000, 0x0000000086c00000, 0x0000000086d00000|  0%| F|  |TAMS 0x0000000086c00000, 0x0000000086c00000| Untracked 
|  75|0x0000000086d00000, 0x0000000086d00000, 0x0000000086e00000|  0%| F|  |TAMS 0x0000000086d00000, 0x0000000086d00000| Untracked 
|  76|0x0000000086e00000, 0x0000000086e00000, 0x0000000086f00000|  0%| F|  |TAMS 0x0000000086e00000, 0x0000000086e00000| Untracked 
|  77|0x0000000086f00000, 0x0000000086f00000, 0x0000000087000000|  0%| F|  |TAMS 0x0000000086f00000, 0x0000000086f00000| Untracked 
|  78|0x0000000087000000, 0x0000000087000000, 0x0000000087100000|  0%| F|  |TAMS 0x0000000087000000, 0x0000000087000000| Untracked 
|  79|0x0000000087100000, 0x0000000087100000, 0x0000000087200000|  0%| F|  |TAMS 0x0000000087100000, 0x0000000087100000| Untracked 
|  80|0x0000000087200000, 0x0000000087200000, 0x0000000087300000|  0%| F|  |TAMS 0x0000000087200000, 0x0000000087200000| Untracked 
|  81|0x0000000087300000, 0x0000000087300000, 0x0000000087400000|  0%| F|  |TAMS 0x0000000087300000, 0x0000000087300000| Untracked 
|  82|0x0000000087400000, 0x0000000087400000, 0x0000000087500000|  0%| F|  |TAMS 0x0000000087400000, 0x0000000087400000| Untracked 
|  83|0x0000000087500000, 0x0000000087500000, 0x0000000087600000|  0%| F|  |TAMS 0x0000000087500000, 0x0000000087500000| Untracked 
|  84|0x0000000087600000, 0x0000000087600000, 0x0000000087700000|  0%| F|  |TAMS 0x0000000087600000, 0x0000000087600000| Untracked 
|  85|0x0000000087700000, 0x0000000087700000, 0x0000000087800000|  0%| F|  |TAMS 0x0000000087700000, 0x0000000087700000| Untracked 
|  86|0x0000000087800000, 0x0000000087800000, 0x0000000087900000|  0%| F|  |TAMS 0x0000000087800000, 0x0000000087800000| Untracked 
|  87|0x0000000087900000, 0x0000000087900000, 0x0000000087a00000|  0%| F|  |TAMS 0x0000000087900000, 0x0000000087900000| Untracked 
|  88|0x0000000087a00000, 0x0000000087a00000, 0x0000000087b00000|  0%| F|  |TAMS 0x0000000087a00000, 0x0000000087a00000| Untracked 
|  89|0x0000000087b00000, 0x0000000087b00000, 0x0000000087c00000|  0%| F|  |TAMS 0x0000000087b00000, 0x0000000087b00000| Untracked 
|  90|0x0000000087c00000, 0x0000000087c00000, 0x0000000087d00000|  0%| F|  |TAMS 0x0000000087c00000, 0x0000000087c00000| Untracked 
|  91|0x0000000087d00000, 0x0000000087d00000, 0x0000000087e00000|  0%| F|  |TAMS 0x0000000087d00000, 0x0000000087d00000| Untracked 
|  92|0x0000000087e00000, 0x0000000087e00000, 0x0000000087f00000|  0%| F|  |TAMS 0x0000000087e00000, 0x0000000087e00000| Untracked 
|  93|0x0000000087f00000, 0x0000000087f00000, 0x0000000088000000|  0%| F|  |TAMS 0x0000000087f00000, 0x0000000087f00000| Untracked 
|  94|0x0000000088000000, 0x0000000088000000, 0x0000000088100000|  0%| F|  |TAMS 0x0000000088000000, 0x0000000088000000| Untracked 
|  95|0x0000000088100000, 0x0000000088100000, 0x0000000088200000|  0%| F|  |TAMS 0x0000000088100000, 0x0000000088100000| Untracked 
|  96|0x0000000088200000, 0x0000000088200000, 0x0000000088300000|  0%| F|  |TAMS 0x0000000088200000, 0x0000000088200000| Untracked 
|  97|0x0000000088300000, 0x0000000088300000, 0x0000000088400000|  0%| F|  |TAMS 0x0000000088300000, 0x0000000088300000| Untracked 
|  98|0x0000000088400000, 0x0000000088400000, 0x0000000088500000|  0%| F|  |TAMS 0x0000000088400000, 0x0000000088400000| Untracked 
|  99|0x0000000088500000, 0x0000000088500000, 0x0000000088600000|  0%| F|  |TAMS 0x0000000088500000, 0x0000000088500000| Untracked 
| 100|0x0000000088600000, 0x0000000088600000, 0x0000000088700000|  0%| F|  |TAMS 0x0000000088600000, 0x0000000088600000| Untracked 
| 101|0x0000000088700000, 0x0000000088700000, 0x0000000088800000|  0%| F|  |TAMS 0x0000000088700000, 0x0000000088700000| Untracked 
| 102|0x0000000088800000, 0x0000000088800000, 0x0000000088900000|  0%| F|  |TAMS 0x0000000088800000, 0x0000000088800000| Untracked 
| 103|0x0000000088900000, 0x0000000088900000, 0x0000000088a00000|  0%| F|  |TAMS 0x0000000088900000, 0x0000000088900000| Untracked 
| 104|0x0000000088a00000, 0x0000000088a00000, 0x0000000088b00000|  0%| F|  |TAMS 0x0000000088a00000, 0x0000000088a00000| Untracked 
| 105|0x0000000088b00000, 0x0000000088b00000, 0x0000000088c00000|  0%| F|  |TAMS 0x0000000088b00000, 0x0000000088b00000| Untracked 
| 106|0x0000000088c00000, 0x0000000088c00000, 0x0000000088d00000|  0%| F|  |TAMS 0x0000000088c00000, 0x0000000088c00000| Untracked 
| 107|0x0000000088d00000, 0x0000000088d00000, 0x0000000088e00000|  0%| F|  |TAMS 0x0000000088d00000, 0x0000000088d00000| Untracked 
| 108|0x0000000088e00000, 0x0000000088e00000, 0x0000000088f00000|  0%| F|  |TAMS 0x0000000088e00000, 0x0000000088e00000| Untracked 
| 109|0x0000000088f00000, 0x0000000088f00000, 0x0000000089000000|  0%| F|  |TAMS 0x0000000088f00000, 0x0000000088f00000| Untracked 
| 110|0x0000000089000000, 0x0000000089000000, 0x0000000089100000|  0%| F|  |TAMS 0x0000000089000000, 0x0000000089000000| Untracked 
| 111|0x0000000089100000, 0x0000000089100000, 0x0000000089200000|  0%| F|  |TAMS 0x0000000089100000, 0x0000000089100000| Untracked 
| 112|0x0000000089200000, 0x0000000089200000, 0x0000000089300000|  0%| F|  |TAMS 0x0000000089200000, 0x0000000089200000| Untracked 
| 113|0x0000000089300000, 0x0000000089300000, 0x0000000089400000|  0%| F|  |TAMS 0x0000000089300000, 0x0000000089300000| Untracked 
| 114|0x0000000089400000, 0x0000000089400000, 0x0000000089500000|  0%| F|  |TAMS 0x0000000089400000, 0x0000000089400000| Untracked 
| 115|0x0000000089500000, 0x0000000089500000, 0x0000000089600000|  0%| F|  |TAMS 0x0000000089500000, 0x0000000089500000| Untracked 
| 116|0x0000000089600000, 0x0000000089600000, 0x0000000089700000|  0%| F|  |TAMS 0x0000000089600000, 0x0000000089600000| Untracked 
| 117|0x0000000089700000, 0x0000000089700000, 0x0000000089800000|  0%| F|  |TAMS 0x0000000089700000, 0x0000000089700000| Untracked 
| 118|0x0000000089800000, 0x0000000089900000, 0x0000000089900000|100%| E|  |TAMS 0x0000000089800000, 0x0000000089800000| Complete 
| 119|0x0000000089900000, 0x0000000089a00000, 0x0000000089a00000|100%| E|CS|TAMS 0x0000000089900000, 0x0000000089900000| Complete 
| 120|0x0000000089a00000, 0x0000000089b00000, 0x0000000089b00000|100%| E|CS|TAMS 0x0000000089a00000, 0x0000000089a00000| Complete 
| 121|0x0000000089b00000, 0x0000000089c00000, 0x0000000089c00000|100%| E|CS|TAMS 0x0000000089b00000, 0x0000000089b00000| Complete 
| 122|0x0000000089c00000, 0x0000000089d00000, 0x0000000089d00000|100%| E|CS|TAMS 0x0000000089c00000, 0x0000000089c00000| Complete 
| 123|0x0000000089d00000, 0x0000000089e00000, 0x0000000089e00000|100%| E|CS|TAMS 0x0000000089d00000, 0x0000000089d00000| Complete 
| 124|0x0000000089e00000, 0x0000000089f00000, 0x0000000089f00000|100%| E|CS|TAMS 0x0000000089e00000, 0x0000000089e00000| Complete 
| 125|0x0000000089f00000, 0x000000008a000000, 0x000000008a000000|100%| E|CS|TAMS 0x0000000089f00000, 0x0000000089f00000| Complete 
| 126|0x000000008a000000, 0x000000008a100000, 0x000000008a100000|100%| E|CS|TAMS 0x000000008a000000, 0x000000008a000000| Complete 
| 127|0x000000008a100000, 0x000000008a200000, 0x000000008a200000|100%| E|CS|TAMS 0x000000008a100000, 0x000000008a100000| Complete 
| 128|0x000000008a200000, 0x000000008a300000, 0x000000008a300000|100%| E|CS|TAMS 0x000000008a200000, 0x000000008a200000| Complete 
| 129|0x000000008a300000, 0x000000008a400000, 0x000000008a400000|100%| E|CS|TAMS 0x000000008a300000, 0x000000008a300000| Complete 
| 130|0x000000008a400000, 0x000000008a500000, 0x000000008a500000|100%| E|CS|TAMS 0x000000008a400000, 0x000000008a400000| Complete 
| 131|0x000000008a500000, 0x000000008a600000, 0x000000008a600000|100%| E|CS|TAMS 0x000000008a500000, 0x000000008a500000| Complete 
| 132|0x000000008a600000, 0x000000008a700000, 0x000000008a700000|100%| E|CS|TAMS 0x000000008a600000, 0x000000008a600000| Complete 
| 133|0x000000008a700000, 0x000000008a800000, 0x000000008a800000|100%| E|CS|TAMS 0x000000008a700000, 0x000000008a700000| Complete 
| 134|0x000000008a800000, 0x000000008a900000, 0x000000008a900000|100%| E|CS|TAMS 0x000000008a800000, 0x000000008a800000| Complete 
| 135|0x000000008a900000, 0x000000008aa00000, 0x000000008aa00000|100%| E|CS|TAMS 0x000000008a900000, 0x000000008a900000| Complete 
| 136|0x000000008aa00000, 0x000000008ab00000, 0x000000008ab00000|100%| E|CS|TAMS 0x000000008aa00000, 0x000000008aa00000| Complete 
| 137|0x000000008ab00000, 0x000000008ac00000, 0x000000008ac00000|100%| E|CS|TAMS 0x000000008ab00000, 0x000000008ab00000| Complete 
| 138|0x000000008ac00000, 0x000000008ad00000, 0x000000008ad00000|100%| E|CS|TAMS 0x000000008ac00000, 0x000000008ac00000| Complete 
| 139|0x000000008ad00000, 0x000000008ae00000, 0x000000008ae00000|100%| E|CS|TAMS 0x000000008ad00000, 0x000000008ad00000| Complete 
| 140|0x000000008ae00000, 0x000000008af00000, 0x000000008af00000|100%| E|CS|TAMS 0x000000008ae00000, 0x000000008ae00000| Complete 
| 141|0x000000008af00000, 0x000000008b000000, 0x000000008b000000|100%| E|CS|TAMS 0x000000008af00000, 0x000000008af00000| Complete 
| 142|0x000000008b000000, 0x000000008b100000, 0x000000008b100000|100%| E|CS|TAMS 0x000000008b000000, 0x000000008b000000| Complete 
| 143|0x000000008b100000, 0x000000008b200000, 0x000000008b200000|100%| E|CS|TAMS 0x000000008b100000, 0x000000008b100000| Complete 
| 144|0x000000008b200000, 0x000000008b300000, 0x000000008b300000|100%| E|CS|TAMS 0x000000008b200000, 0x000000008b200000| Complete 
| 145|0x000000008b300000, 0x000000008b400000, 0x000000008b400000|100%| E|CS|TAMS 0x000000008b300000, 0x000000008b300000| Complete 
| 146|0x000000008b400000, 0x000000008b500000, 0x000000008b500000|100%| E|CS|TAMS 0x000000008b400000, 0x000000008b400000| Complete 
| 147|0x000000008b500000, 0x000000008b600000, 0x000000008b600000|100%| E|CS|TAMS 0x000000008b500000, 0x000000008b500000| Complete 
| 148|0x000000008b600000, 0x000000008b700000, 0x000000008b700000|100%| E|CS|TAMS 0x000000008b600000, 0x000000008b600000| Complete 
| 149|0x000000008b700000, 0x000000008b800000, 0x000000008b800000|100%| E|CS|TAMS 0x000000008b700000, 0x000000008b700000| Complete 
| 150|0x000000008b800000, 0x000000008b900000, 0x000000008b900000|100%| E|CS|TAMS 0x000000008b800000, 0x000000008b800000| Complete 
| 151|0x000000008b900000, 0x000000008ba00000, 0x000000008ba00000|100%| E|CS|TAMS 0x000000008b900000, 0x000000008b900000| Complete 

Card table byte_map: [0x000001fe7e5d0000,0x000001fe7e9c0000] _byte_map_base: 0x000001fe7e1bf000

Marking Bits (Prev, Next): (CMBitMap*) 0x000001fe6af87ea8, (CMBitMap*) 0x000001fe6af87ee0
 Prev Bits: [0x000001fe00000000, 0x000001fe01f78000)
 Next Bits: [0x000001fe01f80000, 0x000001fe03ef8000)

Polling page: 0x000001fe696b0000

Metaspace:

Usage:
  Non-class:     36.62 MB capacity,    35.97 MB ( 98%) used,   540.60 KB (  1%) free+waste,   116.25 KB ( <1%) overhead. 
      Class:      4.87 MB capacity,     4.52 MB ( 93%) used,   297.07 KB (  6%) free+waste,    54.06 KB (  1%) overhead. 
       Both:     41.48 MB capacity,    40.50 MB ( 98%) used,   837.67 KB (  2%) free+waste,   170.31 KB ( <1%) overhead. 

Virtual space:
  Non-class space:       38.00 MB reserved,      36.75 MB ( 97%) committed 
      Class space:        1.00 GB reserved,       4.88 MB ( <1%) committed 
             Both:        1.04 GB reserved,      41.63 MB (  4%) committed 

Chunk freelists:
   Non-Class:  10.00 KB
       Class:  8.00 KB
        Both:  18.00 KB

MaxMetaspaceSize: 17179869184.00 GB
CompressedClassSpaceSize: 1.00 GB

CodeHeap 'non-profiled nmethods': size=120000Kb used=2445Kb max_used=2536Kb free=117554Kb
 bounds [0x000001fe76250000, 0x000001fe764d0000, 0x000001fe7d780000]
CodeHeap 'profiled nmethods': size=120000Kb used=8605Kb max_used=8912Kb free=111394Kb
 bounds [0x000001fe6ed20000, 0x000001fe6f5e0000, 0x000001fe76250000]
CodeHeap 'non-nmethods': size=5760Kb used=1168Kb max_used=1230Kb free=4591Kb
 bounds [0x000001fe6e780000, 0x000001fe6e9f0000, 0x000001fe6ed20000]
 total_blobs=4568 nmethods=4047 adapters=432
 compilation: enabled
              stopped_count=0, restarted_count=0
 full_count=0

Compilation events (20 events):
Event: 993.701 Thread 0x000001fe7f98d000 nmethod 4249 0x000001fe6ed2c410 code [0x000001fe6ed2c6c0, 0x000001fe6ed2d5f8]
Event: 998.737 Thread 0x000001fe7f98a000 4250       4       jdk.internal.jimage.ImageBufferCache$2::compare (13 bytes)
Event: 998.740 Thread 0x000001fe7f98a000 nmethod 4250 0x000001fe76296810 code [0x000001fe762969a0, 0x000001fe76296a98]
Event: 1003.761 Thread 0x000001fe7f98d000 4251       3       java.util.concurrent.locks.AbstractQueuedSynchronizer$Node::predecessor (19 bytes)
Event: 1003.762 Thread 0x000001fe7f98d000 nmethod 4251 0x000001fe6ed2bf90 code [0x000001fe6ed2c160, 0x000001fe6ed2c348]
Event: 1003.793 Thread 0x000001fe7f98d000 4252       3       java.util.concurrent.locks.LockSupport::parkNanos (29 bytes)
Event: 1003.793 Thread 0x000001fe7f98d000 nmethod 4252 0x000001fe6ed2b990 code [0x000001fe6ed2bb60, 0x000001fe6ed2be88]
Event: 1008.799 Thread 0x000001fe7f98d000 4253       3       java.util.concurrent.locks.AbstractQueuedSynchronizer$ConditionObject::checkInterruptWhileWaiting (27 bytes)
Event: 1008.802 Thread 0x000001fe7f98d000 nmethod 4253 0x000001fe6ed2a810 code [0x000001fe6ed2aac0, 0x000001fe6ed2b548]
Event: 1008.802 Thread 0x000001fe7f98d000 4254       3       java.util.concurrent.ScheduledThreadPoolExecutor$ScheduledFutureTask::isPeriodic (15 bytes)
Event: 1008.802 Thread 0x000001fe7f98d000 nmethod 4254 0x000001fe6ed3b310 code [0x000001fe6ed3b4c0, 0x000001fe6ed3b638]
Event: 1013.830 Thread 0x000001fe7f98d000 4255       3       java.util.regex.Pattern::createGroup (86 bytes)
Event: 1013.831 Thread 0x000001fe7f98d000 nmethod 4255 0x000001fe6ed46110 code [0x000001fe6ed46320, 0x000001fe6ed46b38]
Event: 1013.831 Thread 0x000001fe7f98d000 4256       3       java.util.regex.Pattern$GroupHead::<init> (10 bytes)
Event: 1013.831 Thread 0x000001fe7f98d000 nmethod 4256 0x000001fe6ed45b10 code [0x000001fe6ed45ce0, 0x000001fe6ed45f18]
Event: 1023.888 Thread 0x000001fe7f98d000 4257       3       java.lang.CompoundEnumeration::next (58 bytes)
Event: 1023.889 Thread 0x000001fe7f98d000 nmethod 4257 0x000001fe6ed49610 code [0x000001fe6ed497e0, 0x000001fe6ed49b08]
Event: 1023.917 Thread 0x000001fe7f98a000 4258       4       jdk.internal.jimage.decompressor.ZipDecompressor::decompress (81 bytes)
Event: 1023.980 Thread 0x000001fe7f98a000 nmethod 4258 0x000001fe762ced90 code [0x000001fe762cefc0, 0x000001fe762d0400]
Event: 1033.981 Thread 0x000001fe7f98a000 4259       4       java.lang.Integer::getChars (131 bytes)

GC Heap History (20 events):
Event: 1.011 GC heap before
{Heap before GC invocations=0 (full 0):
 garbage-first heap   total 129024K, used 23552K [0x0000000082200000, 0x0000000100000000)
  region size 1024K, 24 young (24576K), 0 survivors (0K)
 Metaspace       used 9207K, capacity 9345K, committed 9600K, reserved 1058816K
  class space    used 808K, capacity 840K, committed 896K, reserved 1048576K
}
Event: 1.017 GC heap after
{Heap after GC invocations=1 (full 0):
 garbage-first heap   total 129024K, used 4254K [0x0000000082200000, 0x0000000100000000)
  region size 1024K, 3 young (3072K), 3 survivors (3072K)
 Metaspace       used 9207K, capacity 9345K, committed 9600K, reserved 1058816K
  class space    used 808K, capacity 840K, committed 896K, reserved 1048576K
}
Event: 3.567 GC heap before
{Heap before GC invocations=1 (full 0):
 garbage-first heap   total 129024K, used 77982K [0x0000000082200000, 0x0000000100000000)
  region size 1024K, 75 young (76800K), 3 survivors (3072K)
 Metaspace       used 17272K, capacity 17686K, committed 17920K, reserved 1064960K
  class space    used 1832K, capacity 1975K, committed 2048K, reserved 1048576K
}
Event: 3.580 GC heap after
{Heap after GC invocations=2 (full 0):
 garbage-first heap   total 129024K, used 6664K [0x0000000082200000, 0x0000000100000000)
  region size 1024K, 6 young (6144K), 6 survivors (6144K)
 Metaspace       used 17272K, capacity 17686K, committed 17920K, reserved 1064960K
  class space    used 1832K, capacity 1975K, committed 2048K, reserved 1048576K
}
Event: 4.604 GC heap before
{Heap before GC invocations=2 (full 0):
 garbage-first heap   total 129024K, used 43528K [0x0000000082200000, 0x0000000100000000)
  region size 1024K, 44 young (45056K), 6 survivors (6144K)
 Metaspace       used 20674K, capacity 21135K, committed 21248K, reserved 1069056K
  class space    used 2282K, capacity 2464K, committed 2560K, reserved 1048576K
}
Event: 4.619 GC heap after
{Heap after GC invocations=3 (full 0):
 garbage-first heap   total 129024K, used 7883K [0x0000000082200000, 0x0000000100000000)
  region size 1024K, 4 young (4096K), 4 survivors (4096K)
 Metaspace       used 20674K, capacity 21135K, committed 21248K, reserved 1069056K
  class space    used 2282K, capacity 2464K, committed 2560K, reserved 1048576K
}
Event: 7.221 GC heap before
{Heap before GC invocations=4 (full 0):
 garbage-first heap   total 129024K, used 80587K [0x0000000082200000, 0x0000000100000000)
  region size 1024K, 75 young (76800K), 4 survivors (4096K)
 Metaspace       used 28201K, capacity 28991K, committed 29184K, reserved 1075200K
  class space    used 3287K, capacity 3563K, committed 3584K, reserved 1048576K
}
Event: 7.229 GC heap after
{Heap after GC invocations=5 (full 0):
 garbage-first heap   total 129024K, used 9562K [0x0000000082200000, 0x0000000100000000)
  region size 1024K, 6 young (6144K), 6 survivors (6144K)
 Metaspace       used 28201K, capacity 28991K, committed 29184K, reserved 1075200K
  class space    used 3287K, capacity 3563K, committed 3584K, reserved 1048576K
}
Event: 9.727 GC heap before
{Heap before GC invocations=5 (full 0):
 garbage-first heap   total 129024K, used 88410K [0x0000000082200000, 0x0000000100000000)
  region size 1024K, 75 young (76800K), 6 survivors (6144K)
 Metaspace       used 34199K, capacity 35113K, committed 35456K, reserved 1081344K
  class space    used 4027K, capacity 4376K, committed 4480K, reserved 1048576K
}
Event: 9.771 GC heap after
{Heap after GC invocations=6 (full 0):
 garbage-first heap   total 129024K, used 19940K [0x0000000082200000, 0x0000000100000000)
  region size 1024K, 10 young (10240K), 10 survivors (10240K)
 Metaspace       used 34199K, capacity 35113K, committed 35456K, reserved 1081344K
  class space    used 4027K, capacity 4376K, committed 4480K, reserved 1048576K
}
Event: 10.037 GC heap before
{Heap before GC invocations=6 (full 0):
 garbage-first heap   total 129024K, used 28132K [0x0000000082200000, 0x0000000100000000)
  region size 1024K, 20 young (20480K), 10 survivors (10240K)
 Metaspace       used 34868K, capacity 35769K, committed 35840K, reserved 1081344K
  class space    used 4074K, capacity 4445K, committed 4480K, reserved 1048576K
}
Event: 10.056 GC heap after
{Heap after GC invocations=7 (full 0):
 garbage-first heap   total 155648K, used 22913K [0x0000000082200000, 0x0000000100000000)
  region size 1024K, 4 young (4096K), 4 survivors (4096K)
 Metaspace       used 34868K, capacity 35769K, committed 35840K, reserved 1081344K
  class space    used 4074K, capacity 4445K, committed 4480K, reserved 1048576K
}
Event: 18.595 GC heap before
{Heap before GC invocations=8 (full 0):
 garbage-first heap   total 155648K, used 95617K [0x0000000082200000, 0x0000000100000000)
  region size 1024K, 76 young (77824K), 4 survivors (4096K)
 Metaspace       used 41193K, capacity 42120K, committed 42368K, reserved 1087488K
  class space    used 4631K, capacity 4981K, committed 4992K, reserved 1048576K
}
Event: 18.600 GC heap after
{Heap after GC invocations=9 (full 0):
 garbage-first heap   total 155648K, used 25246K [0x0000000082200000, 0x0000000100000000)
  region size 1024K, 7 young (7168K), 7 survivors (7168K)
 Metaspace       used 41193K, capacity 42120K, committed 42368K, reserved 1087488K
  class space    used 4631K, capacity 4981K, committed 4992K, reserved 1048576K
}
Event: 254.965 GC heap before
{Heap before GC invocations=9 (full 0):
 garbage-first heap   total 155648K, used 99998K [0x0000000082200000, 0x0000000100000000)
  region size 1024K, 81 young (82944K), 7 survivors (7168K)
 Metaspace       used 41348K, capacity 42339K, committed 42368K, reserved 1087488K
  class space    used 4632K, capacity 4984K, committed 4992K, reserved 1048576K
}
Event: 254.974 GC heap after
{Heap after GC invocations=10 (full 0):
 garbage-first heap   total 155648K, used 25350K [0x0000000082200000, 0x0000000100000000)
  region size 1024K, 4 young (4096K), 4 survivors (4096K)
 Metaspace       used 41348K, capacity 42339K, committed 42368K, reserved 1087488K
  class space    used 4632K, capacity 4984K, committed 4992K, reserved 1048576K
}
Event: 571.546 GC heap before
{Heap before GC invocations=10 (full 0):
 garbage-first heap   total 155648K, used 107270K [0x0000000082200000, 0x0000000100000000)
  region size 1024K, 84 young (86016K), 4 survivors (4096K)
 Metaspace       used 41424K, capacity 42409K, committed 42624K, reserved 1087488K
  class space    used 4632K, capacity 4984K, committed 4992K, reserved 1048576K
}
Event: 571.551 GC heap after
{Heap after GC invocations=11 (full 0):
 garbage-first heap   total 155648K, used 25185K [0x0000000082200000, 0x0000000100000000)
  region size 1024K, 4 young (4096K), 4 survivors (4096K)
 Metaspace       used 41424K, capacity 42409K, committed 42624K, reserved 1087488K
  class space    used 4632K, capacity 4984K, committed 4992K, reserved 1048576K
}
Event: 908.152 GC heap before
{Heap before GC invocations=11 (full 0):
 garbage-first heap   total 155648K, used 114273K [0x0000000082200000, 0x0000000100000000)
  region size 1024K, 91 young (93184K), 4 survivors (4096K)
 Metaspace       used 41459K, capacity 42414K, committed 42624K, reserved 1087488K
  class space    used 4632K, capacity 4984K, committed 4992K, reserved 1048576K
}
Event: 908.156 GC heap after
{Heap after GC invocations=12 (full 0):
 garbage-first heap   total 155648K, used 25318K [0x0000000082200000, 0x0000000100000000)
  region size 1024K, 4 young (4096K), 4 survivors (4096K)
 Metaspace       used 41459K, capacity 42414K, committed 42624K, reserved 1087488K
  class space    used 4632K, capacity 4984K, committed 4992K, reserved 1048576K
}

Deoptimization events (20 events):
Event: 164.444 Thread 0x000001fe0783f000 Uncommon trap: trap_request=0xffffff7e fr.pc=0x000001fe764a27a0 relative=0x0000000000000980
Event: 164.444 Thread 0x000001fe0783f000 Uncommon trap: reason=predicate action=maybe_recompile pc=0x000001fe764a27a0 method=java.util.regex.Pattern$Slice.match(Ljava/util/regex/Matcher;ILjava/lang/CharSequence;)Z @ 18 c2
Event: 164.444 Thread 0x000001fe0783f000 DEOPT PACKING pc=0x000001fe764a27a0 sp=0x0000007bbc0fe820
Event: 164.444 Thread 0x000001fe0783f000 DEOPT UNPACKING pc=0x000001fe6e7a74af sp=0x0000007bbc0fe6a0 mode 2
Event: 234.850 Thread 0x000001fe0783f000 DEOPT PACKING pc=0x000001fe6f4bf170 sp=0x0000007bbc0fe7b0
Event: 234.850 Thread 0x000001fe0783f000 DEOPT UNPACKING pc=0x000001fe6e7a72ce sp=0x0000007bbc0fdc78 mode 0
Event: 300.229 Thread 0x000001fe0783f000 DEOPT PACKING pc=0x000001fe6f4fef0c sp=0x0000007bbc0fe740
Event: 300.229 Thread 0x000001fe0783f000 DEOPT UNPACKING pc=0x000001fe6e7a72ce sp=0x0000007bbc0fdcf0 mode 0
Event: 355.489 Thread 0x000001fe0783f000 DEOPT PACKING pc=0x000001fe6f500c6b sp=0x0000007bbc0fe8b0
Event: 355.489 Thread 0x000001fe0783f000 DEOPT UNPACKING pc=0x000001fe6e7a72ce sp=0x0000007bbc0fdd88 mode 0
Event: 762.501 Thread 0x000001fe0783f000 DEOPT PACKING pc=0x000001fe6f52d3bc sp=0x0000007bbc0fe800
Event: 762.501 Thread 0x000001fe0783f000 DEOPT UNPACKING pc=0x000001fe6e7a72ce sp=0x0000007bbc0fdd78 mode 0
Event: 767.530 Thread 0x000001fe0783f000 Uncommon trap: trap_request=0xffffffcc fr.pc=0x000001fe764c958c relative=0x000000000000098c
Event: 767.530 Thread 0x000001fe0783f000 Uncommon trap: reason=intrinsic_or_type_checked_inlining action=make_not_entrant pc=0x000001fe764c958c method=java.util.ArrayList.toArray([Ljava/lang/Object;)[Ljava/lang/Object; @ 36 c2
Event: 767.530 Thread 0x000001fe0783f000 DEOPT PACKING pc=0x000001fe764c958c sp=0x0000007bbc0fe890
Event: 767.530 Thread 0x000001fe0783f000 DEOPT UNPACKING pc=0x000001fe6e7a74af sp=0x0000007bbc0fe7f8 mode 2
Event: 777.582 Thread 0x000001fe0783f000 Uncommon trap: trap_request=0xffffffcc fr.pc=0x000001fe764c704c relative=0x0000000000000a4c
Event: 777.582 Thread 0x000001fe0783f000 Uncommon trap: reason=intrinsic_or_type_checked_inlining action=make_not_entrant pc=0x000001fe764c704c method=java.util.ArrayList.toArray([Ljava/lang/Object;)[Ljava/lang/Object; @ 36 c2
Event: 777.582 Thread 0x000001fe0783f000 DEOPT PACKING pc=0x000001fe764c704c sp=0x0000007bbc0fe890
Event: 777.582 Thread 0x000001fe0783f000 DEOPT UNPACKING pc=0x000001fe6e7a74af sp=0x0000007bbc0fe808 mode 2

Classes redefined (0 events):
No events

Internal exceptions (20 events):
Event: 9.131 Thread 0x000001fe07840000 Exception <a 'sun/nio/fs/WindowsException'{0x00000000873f9550}> (0x00000000873f9550) thrown at [./src/hotspot/share/prims/jni.cpp, line 615]
Event: 9.131 Thread 0x000001fe07840000 Exception <a 'sun/nio/fs/WindowsException'{0x00000000873fa540}> (0x00000000873fa540) thrown at [./src/hotspot/share/prims/jni.cpp, line 615]
Event: 9.131 Thread 0x000001fe07840000 Exception <a 'sun/nio/fs/WindowsException'{0x00000000873fa8d0}> (0x00000000873fa8d0) thrown at [./src/hotspot/share/prims/jni.cpp, line 615]
Event: 9.506 Thread 0x000001fe07840000 Exception <a 'sun/nio/fs/WindowsException'{0x000000008645de30}> (0x000000008645de30) thrown at [./src/hotspot/share/prims/jni.cpp, line 615]
Event: 9.506 Thread 0x000001fe07840000 Exception <a 'sun/nio/fs/WindowsException'{0x000000008645e488}> (0x000000008645e488) thrown at [./src/hotspot/share/prims/jni.cpp, line 615]
Event: 9.506 Thread 0x000001fe07840000 Exception <a 'sun/nio/fs/WindowsException'{0x000000008645e7b8}> (0x000000008645e7b8) thrown at [./src/hotspot/share/prims/jni.cpp, line 615]
Event: 9.507 Thread 0x000001fe07840000 Exception <a 'sun/nio/fs/WindowsException'{0x000000008645f768}> (0x000000008645f768) thrown at [./src/hotspot/share/prims/jni.cpp, line 615]
Event: 9.507 Thread 0x000001fe07840000 Exception <a 'sun/nio/fs/WindowsException'{0x000000008645fae8}> (0x000000008645fae8) thrown at [./src/hotspot/share/prims/jni.cpp, line 615]
Event: 9.550 Thread 0x000001fe07840000 Exception <a 'sun/nio/fs/WindowsException'{0x00000000863834c0}> (0x00000000863834c0) thrown at [./src/hotspot/share/prims/jni.cpp, line 615]
Event: 9.551 Thread 0x000001fe07840000 Exception <a 'sun/nio/fs/WindowsException'{0x0000000086383b18}> (0x0000000086383b18) thrown at [./src/hotspot/share/prims/jni.cpp, line 615]
Event: 9.551 Thread 0x000001fe07840000 Exception <a 'sun/nio/fs/WindowsException'{0x0000000086383e48}> (0x0000000086383e48) thrown at [./src/hotspot/share/prims/jni.cpp, line 615]
Event: 9.551 Thread 0x000001fe07840000 Exception <a 'sun/nio/fs/WindowsException'{0x0000000086384df8}> (0x0000000086384df8) thrown at [./src/hotspot/share/prims/jni.cpp, line 615]
Event: 9.551 Thread 0x000001fe07840000 Exception <a 'sun/nio/fs/WindowsException'{0x0000000086385178}> (0x0000000086385178) thrown at [./src/hotspot/share/prims/jni.cpp, line 615]
Event: 10.537 Thread 0x000001fe07840000 Exception <a 'java/lang/ArrayIndexOutOfBoundsException'{0x000000008a1964c0}: Index 209 out of bounds for length 209> (0x000000008a1964c0) thrown at [./src/hotspot/share/interpreter/interpreterRuntime.cpp, line 459]
Event: 10.554 Thread 0x000001fe07840000 Exception <a 'java/lang/IncompatibleClassChangeError'{0x000000008a097398}: Found class java.lang.Object, but interface was expected> (0x000000008a097398) thrown at [./src/hotspot/share/interpreter/linkResolver.cpp, line 839]
Event: 10.859 Thread 0x000001fe07840000 Exception <a 'java/lang/ArrayIndexOutOfBoundsException'{0x0000000087c8e038}: Index 308 out of bounds for length 308> (0x0000000087c8e038) thrown at [./src/hotspot/share/interpreter/interpreterRuntime.cpp, line 459]
Event: 10.942 Thread 0x000001fe07840000 Exception <a 'java/lang/ArrayIndexOutOfBoundsException'{0x00000000878a73b0}: Index 551 out of bounds for length 551> (0x00000000878a73b0) thrown at [./src/hotspot/share/interpreter/interpreterRuntime.cpp, line 459]
Event: 10.972 Thread 0x000001fe07840000 Exception <a 'java/lang/ArrayIndexOutOfBoundsException'{0x00000000877b4718}: Index 348 out of bounds for length 348> (0x00000000877b4718) thrown at [./src/hotspot/share/interpreter/interpreterRuntime.cpp, line 459]
Event: 11.011 Thread 0x000001fe07840000 Exception <a 'java/lang/ArrayIndexOutOfBoundsException'{0x0000000087507d78}: Index 697 out of bounds for length 697> (0x0000000087507d78) thrown at [./src/hotspot/share/interpreter/interpreterRuntime.cpp, line 459]
Event: 11.058 Thread 0x000001fe07840000 Exception <a 'java/lang/ArrayIndexOutOfBoundsException'{0x00000000874cd020}: Index 804 out of bounds for length 804> (0x00000000874cd020) thrown at [./src/hotspot/share/interpreter/interpreterRuntime.cpp, line 459]

Events (20 events):
Event: 772.571 Thread 0x000001fe7f82d000 flushing nmethod 0x000001fe6ee6c910
Event: 772.571 Thread 0x000001fe7f82d000 flushing nmethod 0x000001fe6ee7bc90
Event: 772.571 Thread 0x000001fe7f82d000 flushing nmethod 0x000001fe6ee89190
Event: 772.571 Thread 0x000001fe7f82d000 flushing nmethod 0x000001fe6ee96690
Event: 772.571 Thread 0x000001fe7f82d000 flushing nmethod 0x000001fe6eeaca10
Event: 772.571 Thread 0x000001fe7f82d000 flushing nmethod 0x000001fe6eead110
Event: 772.571 Thread 0x000001fe7f82d000 flushing nmethod 0x000001fe6ef0f910
Event: 772.571 Thread 0x000001fe7f82d000 flushing nmethod 0x000001fe6ef10c90
Event: 772.571 Thread 0x000001fe7f82d000 flushing nmethod 0x000001fe6ef11190
Event: 772.572 Thread 0x000001fe7f82d000 flushing nmethod 0x000001fe6ef2c310
Event: 772.572 Thread 0x000001fe7f82d000 flushing nmethod 0x000001fe6ef2c790
Event: 772.572 Thread 0x000001fe7f82d000 flushing nmethod 0x000001fe6ef55290
Event: 772.572 Thread 0x000001fe7f82d000 flushing nmethod 0x000001fe6ef55f90
Event: 777.622 Thread 0x000001fe7f82d000 flushing nmethod 0x000001fe762e5d10
Event: 777.623 Thread 0x000001fe7f82d000 flushing nmethod 0x000001fe6ee12b90
Event: 777.623 Thread 0x000001fe7f82d000 flushing nmethod 0x000001fe6ee2bb90
Event: 777.624 Thread 0x000001fe7f82d000 flushing nmethod 0x000001fe6ef68690
Event: 777.624 Thread 0x000001fe7f82d000 flushing nmethod 0x000001fe6ef69290
Event: 908.151 Executing VM operation: G1CollectForAllocation
Event: 908.156 Executing VM operation: G1CollectForAllocation done


Dynamic libraries:
0x00007ff7d3b20000 - 0x00007ff7d3b2a000 	C:\Program Files\JetBrains\IntelliJ IDEA Community Edition 2020.2.1\jbr\bin\java.exe
0x00007ff993eb0000 - 0x00007ff9940a5000 	C:\WINDOWS\SYSTEM32\ntdll.dll
0x00007ff9927b0000 - 0x00007ff99286e000 	C:\WINDOWS\System32\KERNEL32.DLL
0x00007ff9916d0000 - 0x00007ff991998000 	C:\WINDOWS\System32\KERNELBASE.dll
0x00007ff9919a0000 - 0x00007ff991aa0000 	C:\WINDOWS\System32\ucrtbase.dll
0x00007ff98acb0000 - 0x00007ff98acc7000 	C:\Program Files\JetBrains\IntelliJ IDEA Community Edition 2020.2.1\jbr\bin\VCRUNTIME140.dll
0x00007ff989950000 - 0x00007ff989969000 	C:\Program Files\JetBrains\IntelliJ IDEA Community Edition 2020.2.1\jbr\bin\jli.dll
0x00007ff992060000 - 0x00007ff992201000 	C:\WINDOWS\System32\USER32.dll
0x00007ff9915c0000 - 0x00007ff9915e2000 	C:\WINDOWS\System32\win32u.dll
0x00007ff991ef0000 - 0x00007ff991f1b000 	C:\WINDOWS\System32\GDI32.dll
0x00007ff991de0000 - 0x00007ff991eed000 	C:\WINDOWS\System32\gdi32full.dll
0x00007ff991ce0000 - 0x00007ff991d7d000 	C:\WINDOWS\System32\msvcp_win.dll
0x00007ff975eb0000 - 0x00007ff97614a000 	C:\WINDOWS\WinSxS\amd64_microsoft.windows.common-controls_6595b64144ccf1df_6.0.19041.1110_none_60b5254171f9507e\COMCTL32.dll
0x00007ff992390000 - 0x00007ff99242e000 	C:\WINDOWS\System32\msvcrt.dll
0x00007ff9925a0000 - 0x00007ff9925d0000 	C:\WINDOWS\System32\IMM32.DLL
0x00007ff96aba0000 - 0x00007ff96ac3d000 	C:\Program Files\JetBrains\IntelliJ IDEA Community Edition 2020.2.1\jbr\bin\msvcp140.dll
0x00007ff95a310000 - 0x00007ff95adcd000 	C:\Program Files\JetBrains\IntelliJ IDEA Community Edition 2020.2.1\jbr\bin\server\jvm.dll
0x00007ff992210000 - 0x00007ff9922bc000 	C:\WINDOWS\System32\ADVAPI32.dll
0x00007ff992f30000 - 0x00007ff992fcb000 	C:\WINDOWS\System32\sechost.dll
0x00007ff993440000 - 0x00007ff99356a000 	C:\WINDOWS\System32\RPCRT4.dll
0x00007ff992640000 - 0x00007ff992648000 	C:\WINDOWS\System32\PSAPI.DLL
0x00007ff97ae90000 - 0x00007ff97ae99000 	C:\WINDOWS\SYSTEM32\WSOCK32.dll
0x00007ff9925d0000 - 0x00007ff99263b000 	C:\WINDOWS\System32\WS2_32.dll
0x00007ff97b760000 - 0x00007ff97b787000 	C:\WINDOWS\SYSTEM32\WINMM.dll
0x00007ff9825f0000 - 0x00007ff9825fa000 	C:\WINDOWS\SYSTEM32\VERSION.dll
0x00007ff98fe90000 - 0x00007ff98fea2000 	C:\WINDOWS\SYSTEM32\kernel.appcore.dll
0x00007ff98b420000 - 0x00007ff98b431000 	C:\Program Files\JetBrains\IntelliJ IDEA Community Edition 2020.2.1\jbr\bin\verify.dll
0x00007ff98fb00000 - 0x00007ff98fce4000 	C:\WINDOWS\SYSTEM32\DBGHELP.DLL
0x00007ff981b30000 - 0x00007ff981b5c000 	C:\WINDOWS\SYSTEM32\dbgcore.DLL
0x00007ff991c50000 - 0x00007ff991cd2000 	C:\WINDOWS\System32\bcryptPrimitives.dll
0x00007ff98ad80000 - 0x00007ff98ada9000 	C:\Program Files\JetBrains\IntelliJ IDEA Community Edition 2020.2.1\jbr\bin\java.dll
0x00007ff98b480000 - 0x00007ff98b48b000 	C:\Program Files\JetBrains\IntelliJ IDEA Community Edition 2020.2.1\jbr\bin\jimage.dll
0x00007ff98b0e0000 - 0x00007ff98b0f8000 	C:\Program Files\JetBrains\IntelliJ IDEA Community Edition 2020.2.1\jbr\bin\zip.dll
0x00007ff993570000 - 0x00007ff993cb4000 	C:\WINDOWS\System32\SHELL32.dll
0x00007ff98f360000 - 0x00007ff98faf4000 	C:\WINDOWS\SYSTEM32\windows.storage.dll
0x00007ff992fd0000 - 0x00007ff993325000 	C:\WINDOWS\System32\combase.dll
0x00007ff990fa0000 - 0x00007ff990fce000 	C:\WINDOWS\SYSTEM32\Wldp.dll
0x00007ff992430000 - 0x00007ff9924dd000 	C:\WINDOWS\System32\SHCORE.dll
0x00007ff9933d0000 - 0x00007ff993425000 	C:\WINDOWS\System32\shlwapi.dll
0x00007ff991500000 - 0x00007ff99151f000 	C:\WINDOWS\SYSTEM32\profapi.dll
0x00007ff98ad60000 - 0x00007ff98ad7a000 	C:\Program Files\JetBrains\IntelliJ IDEA Community Edition 2020.2.1\jbr\bin\net.dll
0x00007ff982fe0000 - 0x00007ff9830ec000 	C:\WINDOWS\SYSTEM32\WINHTTP.dll
0x00007ff990ca0000 - 0x00007ff990d0a000 	C:\WINDOWS\system32\mswsock.dll
0x00007ff98ad40000 - 0x00007ff98ad54000 	C:\Program Files\JetBrains\IntelliJ IDEA Community Edition 2020.2.1\jbr\bin\nio.dll
0x00007ff98b450000 - 0x00007ff98b45a000 	C:\Program Files\JetBrains\IntelliJ IDEA Community Edition 2020.2.1\jbr\bin\management.dll
0x00007ff98b090000 - 0x00007ff98b09c000 	C:\Program Files\JetBrains\IntelliJ IDEA Community Edition 2020.2.1\jbr\bin\management_ext.dll
0x00007ff96e540000 - 0x00007ff96e557000 	C:\WINDOWS\system32\napinsp.dll
0x00007ff96e520000 - 0x00007ff96e53b000 	C:\WINDOWS\system32\pnrpnsp.dll
0x00007ff98bcd0000 - 0x00007ff98bce5000 	C:\WINDOWS\system32\wshbth.dll
0x00007ff98c930000 - 0x00007ff98c94d000 	C:\WINDOWS\system32\NLAapi.dll
0x00007ff990990000 - 0x00007ff9909cb000 	C:\WINDOWS\SYSTEM32\IPHLPAPI.DLL
0x00007ff9909d0000 - 0x00007ff990a9b000 	C:\WINDOWS\SYSTEM32\DNSAPI.dll
0x00007ff993430000 - 0x00007ff993438000 	C:\WINDOWS\System32\NSI.dll
0x00007ff96e500000 - 0x00007ff96e512000 	C:\WINDOWS\System32\winrnr.dll
0x00000000662b0000 - 0x00000000662d6000 	C:\Program Files\Bonjour\mdnsNSP.dll
0x00007ff9884f0000 - 0x00007ff9884fa000 	C:\Windows\System32\rasadhlp.dll
0x00007ff982f60000 - 0x00007ff982fdf000 	C:\WINDOWS\System32\fwpuclnt.dll
0x00007ff9916a0000 - 0x00007ff9916c7000 	C:\WINDOWS\System32\bcrypt.dll
0x00007ff990f00000 - 0x00007ff990f18000 	C:\WINDOWS\SYSTEM32\CRYPTSP.dll
0x00007ff990620000 - 0x00007ff990654000 	C:\WINDOWS\system32\rsaenh.dll
0x00007ff9914c0000 - 0x00007ff9914ee000 	C:\WINDOWS\SYSTEM32\USERENV.dll
0x00007ff990ef0000 - 0x00007ff990efc000 	C:\WINDOWS\SYSTEM32\CRYPTBASE.dll
0x00007ff986480000 - 0x00007ff986497000 	C:\WINDOWS\SYSTEM32\dhcpcsvc6.DLL
0x00007ff986890000 - 0x00007ff9868ad000 	C:\WINDOWS\SYSTEM32\dhcpcsvc.DLL
0x00007ff9895a0000 - 0x00007ff9895aa000 	C:\Program Files\JetBrains\IntelliJ IDEA Community Edition 2020.2.1\jbr\bin\attach.dll

dbghelp: loaded successfully - version: 4.0.5 - missing functions: none
symbol engine: initialized successfully - sym options: 0x614 - pdb path: .;C:\Program Files\JetBrains\IntelliJ IDEA Community Edition 2020.2.1\jbr\bin;C:\WINDOWS\SYSTEM32;C:\WINDOWS\WinSxS\amd64_microsoft.windows.common-controls_6595b64144ccf1df_6.0.19041.1110_none_60b5254171f9507e;C:\Program Files\JetBrains\IntelliJ IDEA Community Edition 2020.2.1\jbr\bin\server;C:\Program Files\Bonjour

VM Arguments:
java_command: C:\Users\lkjos\AppData\Roaming\JetBrains\IdeaIC2020.2\plugins\idea-spring-tools\lib\server\language-server.jar
java_class_path (initial): C:\Users\lkjos\AppData\Roaming\JetBrains\IdeaIC2020.2\plugins\idea-spring-tools\lib\server\language-server.jar
Launcher Type: SUN_STANDARD

[Global flags]
     intx CICompilerCount                          = 4                                         {product} {ergonomic}
     uint ConcGCThreads                            = 2                                         {product} {ergonomic}
     uint G1ConcRefinementThreads                  = 8                                         {product} {ergonomic}
   size_t G1HeapRegionSize                         = 1048576                                   {product} {ergonomic}
    uintx GCDrainStackTargetSize                   = 64                                        {product} {ergonomic}
   size_t InitialHeapSize                          = 132120576                                 {product} {ergonomic}
   size_t MarkStackSize                            = 4194304                                   {product} {ergonomic}
   size_t MaxHeapSize                              = 2111832064                                {product} {ergonomic}
   size_t MaxNewSize                               = 1266679808                                {product} {ergonomic}
   size_t MinHeapDeltaBytes                        = 1048576                                   {product} {ergonomic}
    uintx NonNMethodCodeHeapSize                   = 5836300                                {pd product} {ergonomic}
    uintx NonProfiledCodeHeapSize                  = 122910970                              {pd product} {ergonomic}
    uintx ProfiledCodeHeapSize                     = 122910970                              {pd product} {ergonomic}
    uintx ReservedCodeCacheSize                    = 251658240                              {pd product} {ergonomic}
     bool SegmentedCodeCache                       = true                                      {product} {ergonomic}
     bool UseCompressedClassPointers               = true                                 {lp64_product} {ergonomic}
     bool UseCompressedOops                        = true                                 {lp64_product} {ergonomic}
     bool UseG1GC                                  = true                                      {product} {ergonomic}
     bool UseLargePagesIndividualAllocation        = false                                  {pd product} {ergonomic}

Logging:
Log output configuration:
 #0: stdout all=warning uptime,level,tags
 #1: stderr all=off uptime,level,tags

Environment Variables:
JAVA_HOME=C:\Program Files\Java\jdk1.8.0_261
PATH=C:\Program Files (x86)\Common Files\Oracle\Java\javapath;C:\WINDOWS\system32;C:\WINDOWS;C:\WINDOWS\System32\Wbem;C:\WINDOWS\System32\WindowsPowerShell\v1.0\;C:\WINDOWS\System32\OpenSSH\;C:\Users\lkjos\;C:\Users\lkjos\DemoGitRepo\Git\cmd;C:\Program Files\nodejs\;C:\Program Files\MySQL\MySQL Shell 8.0\bin\;C:\Users\lkjos\AppData\Local\Microsoft\WindowsApps;C:\Program Files\Java\jdk1.8.0_261\bin;C:\Users\lkjos;C:\Program Files\apache-maven-3.6.3\bin;C:\Users\lkjos\AppData\Local\GitHubDesktop\bin;C:\Users\lkjos\AppData\Local\Programs\Microsoft VS Code\bin;C:\Users\lkjos\AppData\Roaming\npm;C:\Program Files\MySQL\MySQL Server 8.0\bin;
USERNAME=lkjos
OS=Windows_NT
PROCESSOR_IDENTIFIER=Intel64 Family 6 Model 158 Stepping 9, GenuineIntel



---------------  S Y S T E M  ---------------

OS: Windows 10 , 64 bit Build 19041 (10.0.19041.1348)
OS uptime: 0 days 16:34 hours

CPU:total 8 (initial active 8) (4 cores per cpu, 2 threads per core) family 6 model 158 stepping 9, cmov, cx8, fxsr, mmx, sse, sse2, sse3, ssse3, sse4.1, sse4.2, popcnt, avx, avx2, aes, clmul, erms, 3dnowpref, lzcnt, ht, tsc, tscinvbit, bmi1, bmi2, adx, fma

Memory: 4k page, system-wide physical 8050M (623M free)
TotalPageFile size 9425M (AvailPageFile size 3M)
current process WorkingSet (physical memory assigned to process): 232M, peak: 271M
current process commit charge ("private bytes"): 290M, peak: 329M

vm_info: OpenJDK 64-Bit Server VM (11.0.8+10-b944.34) for windows-amd64 JRE (11.0.8+10-b944.34), built on Sep 11 2020 15:32:11 by "" with MS VC++ 14.0 (VS2015)

END.
